2025-06-22 12:38:24 - text_comparison.py:55 - ===============cnt=1 || material_id='m_00002s' || rule='基础产品销售信息' || label=True===============
2025-06-22 12:38:24 - text_comparison.py:60 - load data ../DATA/验证集/materials/m_00002s/ADDITIONAL_AGREEMENT/基础产品销售信息.txt...
2025-06-22 12:38:24 - text_comparison.py:60 - load data ../DATA/验证集/materials/m_00002s/CLAUSE/基础产品销售信息.txt...
2025-06-22 12:38:24 - text_comparison.py:60 - load data ../DATA/验证集/materials/m_00002s/HEAD_IMG/基础产品销售信息.txt...
2025-06-22 12:38:24 - text_comparison.py:60 - load data ../DATA/验证集/materials/m_00002s/HEALTH_INFORM/基础产品销售信息.txt...
2025-06-22 12:38:24 - text_comparison.py:60 - load data ../DATA/验证集/materials/m_00002s/INSURE_NOTICE/基础产品销售信息.txt...
2025-06-22 12:38:24 - text_comparison.py:60 - load data ../DATA/验证集/materials/m_00002s/INTRODUCE_IMG/基础产品销售信息.txt...
2025-06-22 12:38:24 - text_comparison.py:60 - load data ../DATA/验证集/materials/m_00002s/LIABILITY_EXCLUSION/基础产品销售信息.txt...
2025-06-22 12:39:12 - text_comparison.py:80 - 0|1 result=### 冲突分析报告

#### 1. 产品名
- **文件1**：未明确提及具体产品名，但描述了多个保险产品的基础配置信息。
- **文件2**：明确列出了多个具体的产品名，如“附加意外伤害救护车费用保险（互联网专属）”、“泰康在线财产保险股份有限公司骨折意外伤害保险（互联网专属）”、“白血病疾病保险”、“附加未成年人责任保险条款”、“少儿医疗费用保险（互联网专属）”、“人身意外伤害保险E款 (互联网专属)”。

**结果**：无冲突

#### 2. 附加的条款信息
- **文件1**：详细描述了多个附加条款的信息，如门（急）诊医疗费用保险金、住院医疗保险金、未成年人责任保险金、意外伤害救护车费用保险金、骨折意外伤害保险金等。
- **文件2**：也详细描述了多个附加条款的信息，如附加意外伤害救护车费用保险、骨折意外伤害保险金、骨密度检测津贴保险金、骨折意外住院津贴保险金、白血病疾病保险、附加未成年人责任保险条款、少儿医疗费用保险、人身意外伤害保险E款等。

**结果**：无冲突

#### 3. 销售限制
- **文件1**：
  - 被保险人年龄限制为出生满30天（含）-17周岁（含），投保人必须为其父母。
  - 同一保险期限内，本产品最多可购买一份，多投超出部分保单自始无效。
  - 本产品网上投保申请日后次日零时生效，门（急）诊医疗费用保险金等待期为30天（含犹豫期），住院医疗保险金等待期为30天（含犹豫期），个人白血病保险金等待期90天，续保无等待期。
  - 本产品为不保证续保合同。保险期间为1年。
- **文件2**：
  - 投保年龄：0周岁（出生满30日，含第30日）至85周岁（含）的自然人，首次投保或非续保时须为0周岁（出生满30日，含第30日）至65周岁（含）的身体健康的自然人。
  - 投保人资格：具有完全民事行为能力的被保险人本人或在本合同订立时对被保险人有保险利益的其他人。
  - 等待期：首次投保或非续保时，自本合同生效之日起90日（含第90日）为等待期。投保人续保本保险的无等待期。
  - 续保：本产品为不保证续保合同。保险期间届满或保险期间届满前30日内，投保人需要重新向保险人申请投保本产品，并经保险人同意，交纳保险费，获得新的保险合同。
  - 犹豫期：自投保人收到本合同之日起有15日（含第15日）的犹豫期。
  - 保险期间：本合同的保险期间为1年，自保险单或其他保险凭证上载明的合同生效日零时起至保险期间期满日的24时止。

**具体的内容冲突分析**：
- **被保险人年龄限制**：
  - 文件1：出生满30天（含）-17周岁（含）
  - 文件2：0周岁（出生满30日，含第30日）至85周岁（含），首次投保或非续保时须为0周岁（出生满30日，含第30日）至65周岁（含）
  - **结果**：无冲突（文件1的年龄限制是文件2的一部分）
- **等待期**：
  - 文件1：门（急）诊医疗费用保险金等待期为30天（含犹豫期），住院医疗保险金等待期为30天（含犹豫期），个人白血病保险金等待期90天
  - 文件2：首次投保或非续保时，自本合同生效之日起90日（含第90日）为等待期
  - **结果**：无冲突（文件1的具体等待期与文件2的等待期不冲突，且文件2的等待期更长）
- **续保**：
  - 文件1：本产品为不保证续保合同。保险期间为1年。
  - 文件2：本产品为不保证续保合同。保险期间届满或保险期间届满前30日内，投保人需要重新向保险人申请投保本产品，并经保险人同意，交纳保险费，获得新的保险合同。
  - **结果**：无冲突（续保条件一致）
- **犹豫期**：
  - 文件1：未提及犹豫期
  - 文件2：自投保人收到本合同之日起有15日（含第15日）的犹豫期
  - **结果**：无冲突（文件1未提及犹豫期，不影响比较）

#### 4. 具体保险责任
- **文件1**：
  - 门（急）诊医疗费用保险金：每次事故绝对免赔额为100元，每次事故赔偿限额为500元，累计赔偿次数以12次为限。
  - 住院医疗保险金：保险金额为2万元，无免赔额。
  - 未成年人责任保险金：财产损失每次事故的绝对免赔额为实际损失的10%，人身伤害每次事故的绝对免赔额为100。
  - 意外伤害救护车费用保险金：每次事故的免赔额为0，赔付比例100%。
  - 骨折意外伤害保险金：根据骨折程度及《人身保险骨折程度与保险金给付比例表》确定给付比例。
- **文件2**：
  - 附加意外伤害救护车费用保险金：保险责任仅限于被保险人遭受意外伤害事故并在事故发生之时起二十四小时内实际支出的、必需且合理的救护车费用。
  - 骨折意外伤害保险金：根据骨折程度及《人身保险骨折程度与保险金给付比例表》确定给付比例。
  - 骨密度检测津贴保险金：被保险人在中国境内遭受意外伤害事故，并因该事故直接且单独原因导致骨折在医院接受治疗并进行骨密度检测的，保险人按保险单上载明的骨密度检测津贴保险金额向被保险人给付骨密度检测津贴保险金。
  - 骨折意外住院津贴保险金：被保险人在中国境内遭受意外伤害事故，并因该事故直接且单独原因导致骨折，经医院诊断必须住院治疗的，保险人按被保险人每次在医院的实际住院天数扣除约定的免赔天数后乘以本合同约定的骨折意外住院津贴保险金日额向被保险人给付骨折意外住院津贴保险金。

**具体的内容冲突分析**：
- **门（急）诊医疗费用保险金**：
  - 文件1：每次事故绝对免赔额为100元，每次事故赔偿限额为500元，累计赔偿次数以12次为限。
  - 文件2：未提及门（急）诊医疗费用保险金
  - **结果**：无冲突（文件2未提及，不影响比较）
- **住院医疗保险金**：
  - 文件1：保险金额为2万元，无免赔额。
  - 文件2：未提及住院医疗保险金
  - **结果**：无冲突（文件2未提及，不影响比较）
- **未成年人责任保险金**：
  - 文件1：财产损失每次事故的绝对免赔额为实际损失的10%，人身伤害每次事故的绝对免赔额为100。
  - 文件2：未提及未成年人责任保险金
  - **结果**：无冲突（文件2未提及，不影响比较）
- **意外伤害救护车费用保险金**：
  - 文件1：每次事故的免赔额为0，赔付比例100%。
  - 文件2：保险责任仅限于被保险人遭受意外伤害事故并在事故发生之时起二十四小时内实际支出的、必需且合理的救护车费用。
  - **结果**：无冲突（文件1和文件2的描述一致）
- **骨折意外伤害保险金**：
  - 文件1：根据骨折程度及《人身保险骨折程度与保险金给付比例表》确定给付比例。
  - 文件2：根据骨折程度及《人身保险骨折程度与保险金给付比例表》确定给付比例。
  - **结果**：无冲突（文件1和文件2的描述一致）

### 最终结论
**无冲突**

两份文件在“基础产品销售信息”方面没有明显的冲突。
2025-06-22 12:40:30 - text_comparison.py:80 - 0|2 result=### 冲突分析报告

#### 1. 产品名
- **文件1**：未明确提及产品名
- **文件2**：泰康在线财产保险股份有限公司少儿医疗费用保险（互联网专属）
- **分析**：文件1未明确提及产品名，因此无法进行对比。
- **结果**：无冲突

#### 2. 附加条款
- **文件1**：
  - 《泰康在线财产保险股份有限公司个人白血病疾病保险（互联网专属）》
  - 《泰康在线财产保险股份有限公司附加未成年人责任保险条款》
  - 《泰康在线财产保险股份有限公司附加意外伤害救护车费用保险（互联网专属）》
  - 《泰康在线财产保险股份有限公司骨折意外伤害保险（互联网专属）条款》
- **文件2**：
  - 《泰康在线财产保险股份有限公司个人白血病疾病保险（互联网专属）》
  - 《泰康在线财产保险股份有限公司人身意外伤害保险E款（互联网专属）》
  - 《泰康在线财产保险股份有限公司附加意外伤害救护车费用保险（互联网专属）》
  - 《泰康在线财产保险股份有限公司骨折意外伤害保险（互联网专属）条款》
  - 《泰康在线财产保险股份有限公司附加未成年人责任保险条款》
- **分析**：文件1和文件2都提到了相同的附加条款，但文件2多了一个《泰康在线财产保险股份有限公司人身意外伤害保险E款（互联网专属）》。文件1未提及此条款，因此无法判断是否冲突。
- **结果**：无冲突

#### 3. 销售限制
- **被保险人年龄限制**
  - **文件1**：出生满30天（含）-17周岁（含），投保人必须为其父母
  - **文件2**：出生满30天（含）-17周岁（含），投保人必须为其父母
  - **分析**：两份文件的描述完全一致。
  - **结果**：无冲突

- **投保数量限制**
  - **文件1**：同一保险期限内，本产品最多可购买一份，多投超出部分保单自始无效
  - **文件2**：同一保险期限内，本产品最多可购买一份，多投超出部分保单自始无效
  - **分析**：两份文件的描述完全一致。
  - **结果**：无冲突

- **犹豫期**
  - **文件1**：未明确提及犹豫期
  - **文件2**：本产品自保单生效起15天为犹豫期，投保人在此期间提出解除本合同，保险人将无息退还投保人所支付的全部保险费。
  - **分析**：文件1未明确提及犹豫期，因此无法进行对比。
  - **结果**：无冲突

- **等待期**
  - **文件1**：
    - 门（急）诊医疗费用保险金等待期为30天（含犹豫期）
    - 住院医疗保险金等待期为30天（含犹豫期）
    - 个人白血病保险金等待期90天
  - **文件2**：
    - 门（急）诊医疗费用保险金等待期为30天（含犹豫期）
    - 住院医疗保险金等待期为30天（含犹豫期）
    - 个人白血病保险金等待期90天
  - **分析**：两份文件的描述完全一致。
  - **结果**：无冲突

- **续保**
  - **文件1**：本产品为不保证续保合同。本产品保险期间为1年。保险期间届满或保险期间届满前30日内，投保人需要重新向保险人申请投保本产品，并经保险人同意，交纳保险费，获得新的保险合同。
  - **文件2**：本产品为不保证续保合同。保险期间为1年。保险期间届满或保险期间届满前30日内，投保人需要重新向保险人申请投保本产品，并经保险人同意，交纳保险费，获得新的保险合同。
  - **分析**：两份文件的描述完全一致。
  - **结果**：无冲突

- **医疗相关保障限定**
  - **文件1**：中华人民共和国境内合法经营的二级以上（含二级）公立医院普通部（不含国际医疗及特需部)，以及保险人扩展的承保医院。同时保险人不予承保被保险人在河北省承德市兴隆县中医院、北京市平谷区、密云县和怀柔区的所有医疗机构、河南省通许县的所有医疗机构所发生的医疗保险责任。
  - **文件2**：中华人民共和国境内合法经营的二级以上（含二级）公立医院普通部（不含国际医疗及特需部)，以及保险人扩展的承保医院。同时保险人不予承保被保险人在河北省承德市兴隆县中医院、北京市平谷区、密云县和怀柔区的所有医疗机构、河南省通许县的所有医疗机构所发生的医疗保险责任。
  - **分析**：两份文件的描述完全一致。
  - **结果**：无冲突

#### 4. 门（急）诊医疗费用保险金
- **文件1**：
  - 每次事故绝对免赔额为100元
  - 保险金额为5000元，每次事故赔偿限额为500元
  - 累计赔偿次数以12次为限，累计赔偿次数超过12次，不予赔付
  - 赔偿比例：
    - 已从其他途径获得补偿的，赔偿比例为100%
    - 未从其他途径获得补偿的，赔偿比例为60%
- **文件2**：未详细说明门（急）诊医疗费用保险金的具体内容
- **分析**：文件2未详细说明门（急）诊医疗费用保险金的具体内容，因此无法进行对比。
- **结果**：无冲突

#### 5. 住院医疗保险金
- **文件1**：
  - 保险金额为2万元，无免赔额
  - 赔偿比例：
    - 参加社会基本医疗保险或公费医疗身份就诊并结算的，赔偿比例为100%
    - 未参加社会基本医疗保险或公费医疗身份就诊并结算的，赔偿比例为60%
- **文件2**：未详细说明住院医疗保险金的具体内容
- **分析**：文件2未详细说明住院医疗保险金的具体内容，因此无法进行对比。
- **结果**：无冲突

#### 6. 附加未成年人责任保险金
- **文件1**：财产损失每次事故的绝对免赔额为实际损失的10%；人身伤害每次事故的绝对免赔额为100
- **文件2**：未详细说明附加未成年人责任保险金的具体内容
- **分析**：文件2未详细说明附加未成年人责任保险金的具体内容，因此无法进行对比。
- **结果**：无冲突

#### 7. 附加意外伤害救护车费用保险金
- **文件1**：每次事故的免赔额为0，赔付比例100%
- **文件2**：未详细说明附加意外伤害救护车费用保险金的具体内容
- **分析**：文件2未详细说明附加意外伤害救护车费用保险金的具体内容，因此无法进行对比。
- **结果**：无冲突

#### 8. 骨折意外伤害保险金
- **文件1**：保险人根据被保险人的骨折程度及本合同附录《人身保险骨折程度与保险金给付比例表》确定给付比例，并按所确定的给付比例乘以保险单上载明的骨折意外伤害保险金额向被保险人给付骨折意外伤害保险金。
- **文件2**：未详细说明骨折意外伤害保险金的具体内容
- **分析**：文件2未详细说明骨折意外伤害保险金的具体内容，因此无法进行对比。
- **结果**：无冲突

### 总结
经过详细的对比分析，两份文件在“基础产品销售信息”方面没有明显的冲突。对于某些具体内容，文件2未详细说明，因此这些部分无法进行对比，但并不构成冲突。
2025-06-22 12:41:35 - text_comparison.py:80 - 0|3 result=### 冲突分析报告

#### 1. 产品名
- **文件1**：未明确列出所有附加条款名称，但详细描述了各项保障内容。
- **文件2**：明确列出了产品名及其附加条款名称。

**结果**：无冲突

#### 2. 投保年龄
- **文件1**：被保险人年龄限制为出生满30天（含）-17周岁（含）。
- **文件2**：投保年龄为28天-17周岁。

**具体内容冲突分析**：文件1的起始年龄为30天，而文件2的起始年龄为28天，存在差异。
**结果**：有冲突

#### 3. 门（急）诊医疗费用保险金
- **文件1**：
  - 保额：5000元
  - 每次事故赔偿限额：500元
  - 免赔额：100元
  - 累计赔偿次数：12次
  - 赔付比例：已从其他途径获得报销100%，未从其他途径获得报销60%
- **文件2**：
  - 保额：5000元
  - 限10次
  - 赔付比例：已从其他途径获得报销100%，未从其他途径获得报销60%

**具体内容冲突分析**：文件1中门（急）诊医疗费用保险金的累计赔偿次数为12次，而文件2中为10次，存在差异。
**结果**：有冲突

#### 4. 住院医疗保险金
- **文件1**：
  - 保额：2万元
  - 无免赔额
  - 赔付比例：参加社会基本医疗保险或公费医疗身份就诊并结算100%，未参加60%
- **文件2**：
  - 保额：2万元
  - 0元免赔
  - 赔付比例：100%

**具体内容冲突分析**：文件1中住院医疗保险金的赔付比例分为两种情况，而文件2中统一为100%，存在差异。
**结果**：有冲突

#### 5. 个人白血病疾病保险金
- **文件1**：个人白血病保险金等待期90天，续保无等待期。
- **文件2**：保额30万，保额一次性赔付。

**具体内容冲突分析**：文件1中提到了等待期，而文件2中未提及等待期，但文件2中未明确说明的部分不进行比较。
**结果**：无冲突

#### 6. 意外身故/伤残保险金
- **文件1**：未提及。
- **文件2**：保额20万，保额一次性赔付。

**具体内容冲突分析**：文件1中未提及意外身故/伤残保险金，文件2中提及，但文件1未明确说明的部分不进行比较。
**结果**：无冲突

#### 7. 未成年人责任保险金
- **文件1**：
  - 财产损失每次事故的绝对免赔额为实际损失的10%
  - 人身伤害每次事故的绝对免赔额为100元
- **文件2**：
  - 财产损失的每次事故的绝对免赔为5000元，实际损失的10%
  - 人身伤害的每次事故的绝对免赔为100元

**具体内容冲突分析**：文件1中财产损失每次事故的绝对免赔额为实际损失的10%，而文件2中为5000元，存在差异。
**结果**：有冲突

#### 8. 骨折意外伤害保险金
- **文件1**：
  - 保险人根据被保险人的骨折程度及本合同附录《人身保险骨折程度与保险金给付比例表》确定给付比例，并按所确定的给付比例乘以保险单上载明的骨折意外伤害保险金额向被保险人给付骨折意外伤害保险金。
- **文件2**：
  - 保额5000元，根据骨折程度确定赔付比例，具体见投保须知

**具体内容冲突分析**：文件1和文件2中关于骨折意外伤害保险金的描述一致，均根据骨折程度确定赔付比例。
**结果**：无冲突

#### 9. 救护车费用保险金
- **文件1**：
  - 每次事故的免赔额为0，赔付比例100%
- **文件2**：
  - 保额2000元，0免赔，赔付比例100%

**具体内容冲突分析**：文件1和文件2中关于救护车费用保险金的描述一致，均无免赔额，赔付比例100%。
**结果**：无冲突

#### 10. 医疗相关保障限定
- **文件1**：
  - 中华人民共和国境内合法经营的二级以上（含二级）公立医院普通部（不含国际医疗及特需部)
  - 不予承保被保险人在河北省承德市兴隆县中医院、北京市平谷区、密云县和怀柔区的所有医疗机构、河南省通许县的所有医疗机构所发生的医疗保险责任
- **文件2**：未提及

**具体内容冲突分析**：文件2中未提及医疗相关保障限定，文件1未明确说明的部分不进行比较。
**结果**：无冲突

#### 11. 续保
- **文件1**：本产品为不保证续保合同。保险期间为1年。保险期间届满或保险期间届满前30日内，投保人需要重新向保险人申请投保本产品，并经保险人同意，交纳保险费，获得新的保险合同。
- **文件2**：未提及

**具体内容冲突分析**：文件2中未提及续保，文件1未明确说明的部分不进行比较。
**结果**：无冲突

### 总结
- **有冲突**：投保年龄、门（急）诊医疗费用保险金的累计赔偿次数、住院医疗保险金的赔付比例、未成年人责任保险金的财产损失每次事故的绝对免赔额。
- **无冲突**：产品名、个人白血病疾病保险金、意外身故/伤残保险金、骨折意外伤害保险金、救护车费用保险金、医疗相关保障限定、续保。
2025-06-22 12:43:49 - text_comparison.py:80 - 0|4 result=### 冲突分析报告

#### 1. 产品名
- **文件1**：未明确提及产品名
- **文件2**：泰康在线财产保险股份有限公司少儿医疗费用保险（互联网专属）
- **结果**：无冲突（文件1未明确说明）

#### 2. 附加条款
- **文件1**：提到了多个附加条款，但未明确列出具体名称
- **文件2**：详细列出了多个附加条款的具体名称
- **结果**：无冲突（文件1未明确说明）

#### 3. 销售限制
- **文件1**：
  - 被保险人年龄限制为出生满30天（含）-17周岁（含），投保人必须为其父母
  - 同一保险期限内，本产品最多可购买一份，多投超出部分保单自始无效
  - 本产品网上投保申请日后次日零时生效
  - 门（急）诊医疗费用保险金等待期为30天（含犹豫期），住院医疗保险金等待期为30天（含犹豫期），个人白血病保险金等待期90天，续保无等待期
  - 门（急）诊医疗费用保险金每次事故绝对免赔额为100元
  - 门（急）诊医疗费用保险金保险金额为5000元，每次事故赔偿限额为500元
  - 门（急）诊医疗费用保险金的累计赔偿次数以12次为限
  - 住院医疗保险金保险金额为2万元，无免赔额
  - 附加未成年人责任保险金，财产损失每次事故的绝对免赔额为实际损失的10%，人身伤害每次事故的绝对免赔额为100
  - 附加意外伤害救护车费用保险金，每次事故的免赔额为0，赔付比例100%
  - 骨折意外伤害保险金，根据骨折程度及附录《人身保险骨折程度与保险金给付比例表》确定给付比例
  - 医疗相关保障限定为中华人民共和国境内合法经营的二级以上（含二级）公立医院普通部（不含国际医疗及特需部)，以及保险人扩展的承保医院
  - 不予承保被保险人在河北省承德市兴隆县中医院、北京市平谷区、密云县和怀柔区的所有医疗机构、河南省通许县的所有医疗机构所发生的医疗保险责任
  - 本产品为不保证续保合同，保险期间为1年

- **文件2**：
  - 列出了详细的销售限制，包括但不限于：
    - 投保人对被保险人的故意杀害、故意伤害
    - 投保人或被保险人在投保时未如实告知的疾病
    - 被保险人故意自伤，但被保险人自伤时为无民事行为能力人的除外
    - 被保险人故意犯罪或者抗拒依法采取的刑事强制措施
    - 被保险人感染艾滋病病毒或者患艾滋病、性病、精神和行为障碍、遗传性疾病、先天性畸形、变形或者染色体异常
    - 《中华人民共和国传染病防治法》规定的甲类及乙类法定传染病
    - 被保险人接受疗养、康复治疗、心理治疗、美容、视力矫正手术、各种健康体检项目及预防性医疗项目
    - 被保险人接受特定项目的治疗
    - 被保险人患有性早熟、佝偻病、身材矮小、骨发育异常及其他发育迟缓疾患
    - 被保险人接受各类医疗鉴定
    - 被保险人接受实验性治疗
    - 被保险人殴斗、醉酒，主动吸食或注射毒品，违反规定使用麻醉或精神药品
    - 被保险人挑衅或者故意行为而导致的打斗、被袭击、被谋杀
    - 被保险人酒后驾驶、无合法有效驾驶证驾驶，或者驾驶无合法有效行驶证的机动车导致交通意外引起的医疗费用
    - 被保险人从事高风险运动导致的伤害引起的治疗
    - 被保险人未遵医嘱私自服用、涂用、注射药物
    - 被保险人由于职业病、医疗事故引起的医疗费用
    - 战争、军事行动、暴乱、武装叛乱、核爆炸、核辐射、核污染
    - 未经医生处方自行购药或非医院药房购药，医生开具的单次处方超过30天部分的药品费用
    - 投保人对被保险人的故意杀害、故意伤害
    - 被保险人故意自伤、故意犯罪或者抗拒依法采取的刑事强制措施或被国家机关依法拘禁或服刑期间伤病
    - 被保险人酗酒、殴斗、主动吸食或注射毒品，违反规定使用麻醉或精神药品
    - 战争（无论宣战与否）、军事冲突、暴乱或武装叛乱
    - 核爆炸、核辐射或核污染
    - 被保险人感染艾滋病病毒（HIV）或患艾滋病（AIDS）期间
    - 被保险人患遗传性疾病，先天性畸形、变形或染色体异常
    - 未经科学或者医学认可的预防性治疗、实验性或试验性治疗及其产生的后果所导致的恶性肿瘤
    - 被保险人在投保时已经患有白血病的，但投保时保险人已知晓并做出书面认可的除外
    - 由于职业病、医疗事故引起
    - 投保人的故意行为
    - 被保险人自伤或自杀，但被保险人自杀时为无民事行为能力人的除外
    - 因被保险人挑衅或故意行为而导致的打斗、被袭击或被谋杀
    - 被保险人妊娠、流产、分娩、疾病、药物过敏、中暑、食物中毒、猝死
    - 被保险人未遵医嘱，私自服用、涂用、注射药物
    - 核爆炸、核辐射或核污染等放射性污染
    - 恐怖袭击
    - 被保险人犯罪或抗拒依法采取的刑事强制措施
    - 被保险人从事跳伞、滑翔、赛马、马术表演、赛车、拳击等高风险运动或活动
    - 被保险人参加任何职业或半职业体育运动或设有奖金、报酬的体育活动
    - 被保险人因精神错乱或失常而导致的意外
    - 被保险人非法搭乘交通工具或搭乘未经保险事故发生地相关政府部门登记许可的交通工具
    - 被保险人因接受检查、麻醉、整容手术及其它内外科手术、药物治疗等导致的意外
    - 被保险人因意外伤害事故以外的原因失踪而被法院宣告死亡的
    - 被保险人因疾病而发生的救护车费用
    - 医生诊疗费、检查费、医药费、治疗费、担架费和转院时发生的费用（包括转院时发生的救护车车费）
    - 一般身体检查、疗养、特别护理、静养、康复性治疗、物理治疗或心理治疗
    - 主保险合同中规定的责任免除事项均适用于本附加合同
    - 投保人的故意行为
    - 因被保险人挑衅或故意行为而导致的打斗、被袭击或被谋杀
    - 被保险人妊娠、流产、分娩、疾病、药物过敏、中暑、食物中毒、猝死
    - 被保险人未遵医嘱，私自服用、涂用、注射药物
    - 核爆炸、核辐射或核污染等放射性污染
    - 恐怖袭击
    - 被保险人犯罪或抗拒依法采取的刑事强制措施
    - 被保险人从事潜水、跳伞、滑翔、攀岩运动、武术比赛、探险活动、摔跤比赛、特技表演、赛马、马术表演、赛车、拳击等高风险运动或活动
    - 被保险人参加任何职业或半职业体育运动或设有奖金、报酬的体育活动
    - 被保险人因精神错乱或失常而导致的意外
    - 在中国境外的国家或者地区接受治疗
    - 投保前已有骨折的治疗和康复
    - 病理性骨折（指因疾病导致骨组织变弱的部位发生的任何骨折）
    - 投保人、被保险人及监护人的故意行为
    - 与被保险人共同居住的成年家庭成员对被保险人的教唆或帮助被保险人损害第三者权益
    - 被保险人在精神错乱、神智不清、意识不清或智障状态下所造成的第三者人身伤亡、财产损失，不论该状态由何原因（包括但不限于疾病、服用药品或毒品、醉酒等）引起
    - 被保险人参加潜水、滑雪、滑板、滑翔、冲浪、蹦极、热气球、跳伞、攀岩、漂流、探险活动、特技表演、赛马、赛车等高风险运动，或进行摔跤、柔道、拳击、武术、散打、空手道、跆拳道等搏击运动，以及进行前述运动前准备活动时导致的损失、责任和费用
    - 战争、敌对行为、军事行为、武装冲突、罢工、骚乱、暴动、恐怖活动、盗窃、抢劫
    - 行政行为或司法行为
    - 核辐射、核爆炸、核污染及其他放射性污染
    - 地震、火山爆发、海啸、雷击、洪水、暴雨、台风、龙卷风、暴风、雪灾、雹灾、冰凌、泥石流、崩塌、突发性滑坡、地面突然下陷等自然灾害
    - 烟熏、大气污染、土地污染、水污染及其他各种污染
    - 被保险人自伤、自杀、打架、斗殴、犯罪

- **结果**：无冲突（文件1未详细列出所有销售限制，文件2的销售限制更为详细）

#### 4. 具体内容冲突分析
- **被保险人年龄限制**：
  - **文件1**：被保险人年龄限制为出生满30天（含）-17周岁（含）
  - **文件2**：未明确提及
  - **结果**：无冲突（文件2未明确说明）

- **投保人限制**：
  - **文件1**：投保人必须为其父母
  - **文件2**：未明确提及
  - **结果**：无冲突（文件2未明确说明）

- **购买限制**：
  - **文件1**：同一保险期限内，本产品最多可购买一份，多投超出部分保单自始无效
  - **文件2**：未明确提及
  - **结果**：无冲突（文件2未明确说明）

- **生效时间**：
  - **文件1**：本产品网上投保申请日后次日零时生效
  - **文件2**：未明确提及
  - **结果**：无冲突（文件2未明确说明）

- **等待期**：
  - **文件1**：门（急）诊医疗费用保险金等待期为30天（含犹豫期），住院医疗保险金等待期为30天（含犹豫期），个人白血病保险金等待期90天，续保无等待期
  - **文件2**：未明确提及
  - **结果**：无冲突（文件2未明确说明）

- **门（急）诊医疗费用保险金**：
  - **文件1**：
    - 每次事故绝对免赔额为100元
    - 保险金额为5000元，每次事故赔偿限额为500元
    - 累计赔偿次数以12次为限
  - **文件2**：未明确提及
  - **结果**：无冲突（文件2未明确说明）

- **住院医疗保险金**：
  - **文件1**：
    - 保险金额为2万元，无免赔额
  - **文件2**：未明确提及
  - **结果**：无冲突（文件2未明确说明）

- **附加未成年人责任保险金**：
  - **文件1**：
    - 财产损失每次事故的绝对免赔额为实际损失的10%
    - 人身伤害每次事故的绝对免赔额为100
  - **文件2**：未明确提及
  - **结果**：无冲突（文件2未明确说明）

- **附加意外伤害救护车费用保险金**：
  - **文件1**：
    - 每次事故的免赔额为0，赔付比例100%
  - **文件2**：未明确提及
  - **结果**：无冲突（文件2未明确说明）

- **骨折意外伤害保险金**：
  - **文件1**：
    - 根据骨折程度及附录《人身保险骨折程度与保险金给付比例表》确定给付比例
  - **文件2**：未明确提及
  - **结果**：无冲突（文件2未明确说明）

- **医疗相关保障限定**：
  - **文件1**：
    - 中华人民共和国境内合法经营的二级以上（含二级）公立医院普通部（不含国际医疗及特需部)
    - 不予承保被保险人在河北省承德市兴隆县中医院、北京市平谷区、密云县和怀柔区的所有医疗机构、河南省通许县的所有医疗机构所发生的医疗保险责任
  - **文件2**：未明确提及
  - **结果**：无冲突（文件2未明确说明）

- **续保条件**：
  - **文件1**：
    - 本产品为不保证续保合同，保险期间为1年
  - **文件2**：未明确提及
  - **结果**：无冲突（文件2未明确说明）

### 结论
根据上述分析，两份文件在“基础产品销售信息”方面没有明显的冲突。文件2的销售限制更为详细，但文件1未明确说明的部分，不影响冲突分析的结果。因此，最终结论为：

<result>无冲突</result>
2025-06-22 12:44:34 - text_comparison.py:80 - 1|2 result=### 冲突分析报告

#### 1. 产品名
- **文件1**：附加意外伤害救护车费用保险（互联网专属）
- **文件2**：泰康在线财产保险股份有限公司少儿医疗费用保险（互联网专属）

**具体的内容冲突分析**：
- 文件1中的产品名为“附加意外伤害救护车费用保险（互联网专属）”，而文件2中的产品名为“泰康在线财产保险股份有限公司少儿医疗费用保险（互联网专属）”。这两个产品名明显不同，因此不存在冲突。

**结果**：无冲突

#### 2. 附加的条款信息
- **文件1**：
  - 须附加于意外伤害保险类保险合同。
  - 主保险合同所附条款、投保单、保险单、其他合法有效的保险凭证以及批单等，凡与本附加合同相关者，均为本附加合同的构成部分。
  - 若主保险合同与本附加合同的条款互有冲突，则以本附加合同的条款为准，本附加合同未尽事宜，以主保险合同的条款为准。
  - 本附加合同的投保人和被保险人与主保险合同一致。
  - 本附加合同保险金的受益人为被保险人本人。

- **文件2**：
  - 《泰康在线财产保险股份有限公司个人白血病疾病保险（互联网专属）》
  - 《泰康在线财产保险股份有限公司人身意外伤害保险E款（互联网专属）》
  - 《泰康在线财产保险股份有限公司附加意外伤害救护车费用保险（互联网专属）》
  - 《泰康在线财产保险股份有限公司骨折意外伤害保险（互联网专属）条款》
  - 《泰康在线财产保险股份有限公司附加未成年人责任保险条款》

**具体的内容冲突分析**：
- 文件1中的附加条款信息主要集中在“附加意外伤害救护车费用保险”的具体条款，而文件2中的附加条款信息列出了多个附加保险条款的名称。这些附加条款的具体内容在文件1中并未详细列出，因此无法进行直接对比。根据要求，未明确说明或省略说明的部分不进行比较，因此不存在冲突。

**结果**：无冲突

#### 3. 销售限制
- **文件1**：
  - 无特定销售限制，但需注意本附加合同须附加于意外伤害保险类保险合同。
  - 保险责任仅限于被保险人遭受意外伤害事故并在事故发生之时起二十四小时内实际支出的、必需且合理的救护车费用。
  - 被保险人因疾病而发生的救护车费用、医生诊疗费、检查费、医药费、治疗费、担架费和转院时发生的费用（包括转院时发生的救护车车费）、一般身体检查、疗养、特别护理、静养、康复性治疗、物理治疗或心理治疗等费用不在保险责任范围内。
  - 本附加合同的保险金额、免赔额、保险费及其支付方式、保险期间等具体信息需在保险单中载明。

- **文件2**：
  - **投保地区**: 仅限在中国大陆有固定居住地（常住）的人士投保。
  - **被保险人年龄限制**: 出生满30天（含）-17周岁（含），投保人必须为其父母。
  - **投保方式**: 月交或年交。
    - 选择年交保险费的，应当在合同成立时一次性交清保险费。保险费未交清前，本合同不生效，对本合同生效前发生的保险事故，保险公司不承担保险责任。
    - 选择月交保险费的，投保人应当在合同成立时交纳首期保险费，若未按约定交纳首期保险费，本合同不生效，对本合同生效前发生的保险事故，保险人不承担保险责任。
  - **投保数量限制**: 同一保险期限内，本产品最多可购买一份，多投超出部分保单自始无效。
  - **犹豫期**: 本产品自保单生效起15天为犹豫期，投保人在此期间提出解除本合同，保险人将无息退还投保人所支付的全部保险费。
  - **等待期**:
    - 门（急）诊医疗费用保险金等待期为30天（含犹豫期）。
    - 住院医疗保险金等待期为30天（含犹豫期）。
    - 个人白血病保险金等待期90天。
  - **续保**: 本产品为不保证续保合同。保险期间为1年。保险期间届满或保险期间届满前30日内，投保人需要重新向保险人申请投保本产品，并经保险人同意，交纳保险费，获得新的保险合同。
  - **医疗相关保障限定**: 中华人民共和国境内合法经营的二级以上（含二级）公立医院普通部（不含国际医疗及特需部)，以及保险人扩展的承保医院。同时保险人不予承保被保险人在河北省承德市兴隆县中医院、北京市平谷区、密云县和怀柔区的所有医疗机构、河南省通许县的所有医疗机构所发生的医疗保险责任。
  - **投保年龄**: 投保年龄（投保时被保险人年龄）是健康险产品定价的重要影响因素，故年龄不同对应的投保保费或者续保保费也有可能存在一定差异。

**具体的内容冲突分析**：
- 文件1中的销售限制主要集中在“附加意外伤害救护车费用保险”的特定条件，如保险责任范围、保险金额、免赔额等。文件2中的销售限制则涵盖了更广泛的内容，包括投保地区、被保险人年龄限制、投保方式、投保数量限制、犹豫期、等待期、续保、医疗相关保障限定等。
- 文件1中的销售限制并未涉及文件2中的许多具体细节，如投保地区、被保险人年龄限制、投保方式、投保数量限制、犹豫期、等待期、续保、医疗相关保障限定等。因此，这些未明确说明或省略说明的部分不进行比较，不存在冲突。

**结果**：无冲突

### 总结
通过对两份文件的“基础产品销售信息”进行对比分析，未发现明显的冲突。所有未明确说明或省略说明的部分均未进行比较，因此最终结论为无冲突。
2025-06-22 12:45:11 - text_comparison.py:80 - 1|3 result=### 冲突分析报告

#### 1. 产品名
- **文件1**：多个产品名，包括但不限于“附加意外伤害救护车费用保险（互联网专属）”、“泰康在线财产保险股份有限公司骨折意外伤害保险（互联网专属）”、“白血病疾病保险”、“附加未成年人责任保险条款”、“少儿医疗费用保险（互联网专属）”、“人身意外伤害保险E款 (互联网专属)”。
- **文件2**：一个综合产品名，包含多个子产品，如“少儿门急诊医疗”、“附加少儿住院医疗”、“个人白血病疾病”、“意外身故/伤残”、“未成年人责任”、“骨折意外伤害”、“救护车”。

**结果**：无冲突

#### 2. 附加的条款信息
- **文件1**：详细列出了各个产品的附加条款信息，包括保险合同的组成、受益人、保险责任等。
- **文件2**：简要列出了各个子产品的保额、免赔额和赔付比例。

**结果**：无冲突

#### 3. 销售限制
- **文件1**：详细列出了各个产品的销售限制，包括投保人资格、被保险人资格、保险金受益人、保险期间、续保、责任免除、保险金额和保险费、免赔额、投保人义务等。
- **文件2**：简要列出了综合产品的销售限制，包括投保年龄和参保价格。

**结果**：无冲突

#### 具体内容冲突分析

##### 1. 产品名
- **文件1**：多个独立的产品名。
- **文件2**：一个综合产品名，包含多个子产品。

**结果**：无冲突

##### 2. 附加的条款信息
- **文件1**：详细条款信息。
- **文件2**：简要条款信息。

**结果**：无冲突

##### 3. 销售限制
- **文件1**：详细销售限制。
- **文件2**：简要销售限制。

**结果**：无冲突

##### 4. 保险金额和赔付比例
- **文件1**：详细列出了各个产品的保险金额和赔付比例。
- **文件2**：简要列出了各个子产品的保险金额和赔付比例。

**结果**：无冲突

##### 5. 投保年龄
- **文件1**：不同产品的投保年龄范围不同。
- **文件2**：统一的投保年龄范围为28天-17周岁。

**结果**：无冲突

##### 6. 参保价格
- **文件1**：未提及具体参保价格。
- **文件2**：详细列出了不同年龄段的参保价格。

**结果**：无冲突

### 总结
通过对两份文件的“基础产品销售信息”进行对比分析，未发现明显的冲突。两份文件在产品名、附加条款信息、销售限制等方面虽然表述方式不同，但内容上没有矛盾之处。因此，可以认为两份文件在“基础产品销售信息”方面是协调一致的。

<result>无冲突</result>
2025-06-22 12:50:48 - text_comparison.py:80 - 1|4 result=### 冲突分析报告

#### 1. 产品名
- **文件1**：附加意外伤害救护车费用保险（互联网专属）
- **文件2**：泰康在线财产保险股份有限公司少儿医疗费用保险（互联网专属）

**具体的内容冲突分析**：
- 文件1中的产品名为“附加意外伤害救护车费用保险（互联网专属）”，而文件2中的产品名为“泰康在线财产保险股份有限公司少儿医疗费用保险（互联网专属）”。这两个产品名不同，因此不存在冲突。

**结果**：无冲突

#### 2. 附加的条款信息
- **文件1**：
  - 须附加于意外伤害保险类保险合同。
  - 主保险合同所附条款、投保单、保险单、其他合法有效的保险凭证以及批单等，凡与本附加合同相关者，均为本附加合同的构成部分。
  - 若主保险合同与本附加合同的条款互有冲突，则以本附加合同的条款为准，本附加合同未尽事宜，以主保险合同的条款为准。
  - 本附加合同的投保人和被保险人与主保险合同一致。
  - 本附加合同保险金的受益人为被保险人本人。

- **文件2**：
  - 《泰康在线财产保险股份有限公司少儿医疗费用保险（互联网专属）条款》
  - 《泰康在线财产保险股份有限公司白血病疾病保险条款》
  - 《泰康在线财产保险股份有限公司人身意外伤害保险E款（互联网专属）条款》
  - 《泰康在线财产保险股份有限公司附加意外伤害救护车费用保险（互联网专属）条款》
  - 《泰康在线财产保险股份有限公司骨折意外伤害保险（互联网专属）条款》
  - 《泰康在线财产保险股份有限公司附加未成年人责任条款》

**具体的内容冲突分析**：
- 文件1中的附加条款信息主要集中在如何与主保险合同结合，以及条款优先级的说明。文件2中的附加条款信息则列出了多个具体的附加条款名称。两者虽然内容不同，但并不冲突，因为文件2中的附加条款名称并未与文件1中的条款内容产生矛盾。

**结果**：无冲突

#### 3. 销售限制
- **文件1**：
  - 无特定销售限制，但需注意本附加合同须附加于意外伤害保险类保险合同。
  - 保险责任仅限于被保险人遭受意外伤害事故并在事故发生之时起二十四小时内实际支出的、必需且合理的救护车费用。
  - 被保险人因疾病而发生的救护车费用、医生诊疗费、检查费、医药费、治疗费、担架费和转院时发生的费用（包括转院时发生的救护车车费）、一般身体检查、疗养、特别护理、静养、康复性治疗、物理治疗或心理治疗等费用不在保险责任范围内。
  - 本附加合同的保险金额、免赔额、保险费及其支付方式、保险期间等具体信息需在保险单中载明。

- **文件2**：
  - 投保人对被保险人的故意杀害、故意伤害
  - 投保人或被保险人在投保时未如实告知的疾病；被保险人在投保前罹患且在投保时尚未治愈的疾病
  - 被保险人故意自伤，但被保险人自伤时为无民事行为能力人的除外
  - 被保险人故意犯罪或者抗拒依法采取的刑事强制措施，或被国家机关依法拘禁或服刑期间伤病
  - 被保险人感染艾滋病病毒或者患艾滋病、性病、精神和行为障碍、遗传性疾病、先天性畸形、变形或者染色体异常
  - 《中华人民共和国传染病防治法》规定的甲类及乙类法定传染病
  - 被保险人接受疗养、康复治疗、心理治疗、美容、视力矫正手术、各种健康体检项目及预防性医疗项目、各种矫形及生理缺陷的手术和检查治疗项目、各种健美治疗项目、牙科保健及牙齿治疗以及非意外伤害事故所致的整容、整形手术
  - 被保险人接受特定项目的治疗，如皮肤色素沉着、雀斑、痣的治疗和去除、对浅表静脉曲张、蜘蛛脉、除瘢痕疙瘩型外的其他瘢痕、纹身去除、皮肤变色的治疗或手术、包皮环切术、包皮剥离术、包皮气囊扩张术、性功能障碍治疗引起的医疗费
  - 被保险人患有性早熟、佝偻病、身材矮小、骨发育异常及其他发育迟缓疾患
  - 被保险人接受各类医疗鉴定，包括但不限于医疗事故鉴定、精神病鉴定、验伤鉴定、亲子鉴定、遗传基因鉴定所发生的费用
  - 被保险人接受实验性治疗，即未经科学或医学认可的医疗；体外或植入的医疗辅助装置或用具及其安装费用
  - 被保险人殴斗、醉酒，主动吸食或注射毒品，违反规定使用麻醉或精神药品
  - 被保险人挑衅或者故意行为而导致的打斗、被袭击、被谋杀
  - 被保险人酒后驾驶、无合法有效驾驶证驾驶，或者驾驶无合法有效行驶证的机动车导致交通意外引起的医疗费用
  - 被保险人从事高风险运动导致的伤害引起的治疗
  - 被保险人未遵医嘱私自服用、涂用、注射药物
  - 被保险人由于职业病、医疗事故引起的医疗费用
  - 战争、军事行动、暴乱、武装叛乱、核爆炸、核辐射、核污染
  - 未经医生处方自行购药或非医院药房购药，医生开具的单次处方超过30天部分的药品费用
  - 投保人对被保险人的故意杀害、故意伤害
  - 被保险人故意自伤、故意犯罪或者抗拒依法采取的刑事强制措施或被国家机关依法拘禁或服刑期间伤病
  - 被保险人酗酒、殴斗、主动吸食或注射毒品，违反规定使用麻醉或精神药品
  - 战争（无论宣战与否）、军事冲突、暴乱或武装叛乱
  - 核爆炸、核辐射或核污染
  - 被保险人感染艾滋病病毒（HIV）或患艾滋病（AIDS）期间
  - 被保险人患遗传性疾病，先天性畸形、变形或染色体异常
  - 未经科学或者医学认可的预防性治疗、实验性或试验性治疗及其产生的后果所导致的恶性肿瘤
  - 被保险人在投保时已经患有白血病的，但投保时保险人已知晓并做出书面认可的除外
  - 由于职业病、医疗事故引起
  - 投保人的故意行为
  - 被保险人自伤或自杀，但被保险人自杀时为无民事行为能力人的除外
  - 因被保险人挑衅或故意行为而导致的打斗、被袭击或被谋杀
  - 被保险人妊娠、流产、分娩、疾病、药物过敏、中暑、食物中毒、猝死
  - 被保险人未遵医嘱，私自服用、涂用、注射药物
  - 核爆炸、核辐射或核污染等放射性污染
  - 恐怖袭击
  - 被保险人犯罪或抗拒依法采取的刑事强制措施
  - 被保险人从事跳伞、滑翔、赛马、马术表演、赛车、拳击等高风险运动或活动
  - 被保险人参加任何职业或半职业体育运动或设有奖金、报酬的体育活动
  - 被保险人因精神错乱或失常而导致的意外
  - 被保险人非法搭乘交通工具或搭乘未经保险事故发生地相关政府部门登记许可的交通工具
  - 被保险人因接受检查、麻醉、整容手术及其它内外科手术、药物治疗等导致的意外
  - 被保险人因意外伤害事故以外的原因失踪而被法院宣告死亡的
  - 被保险人因疾病而发生的救护车费用
  - 医生诊疗费、检查费、医药费、治疗费、担架费和转院时发生的费用（包括转院时发生的救护车车费）
  - 一般身体检查、疗养、特别护理、静养、康复性治疗、物理治疗或心理治疗
  - 主保险合同中规定的责任免除事项均适用于本附加合同
  - 投保人的故意行为
  - 因被保险人挑衅或故意行为而导致的打斗、被袭击或被谋杀
  - 被保险人妊娠、流产、分娩、疾病、药物过敏、中暑、食物中毒、猝死
  - 被保险人未遵医嘱，私自服用、涂用、注射药物
  - 核爆炸、核辐射或核污染等放射性污染
  - 恐怖袭击
  - 被保险人犯罪或抗拒依法采取的刑事强制措施
  - 被保险人从事潜水、跳伞、滑翔、攀岩运动、武术比赛、探险活动、摔跤比赛、特技表演、赛马、赛车、拳击等高风险运动或活动
  - 被保险人参加任何职业或半职业体育运动或设有奖金、报酬的体育活动
  - 被保险人因精神错乱或失常而导致的意外
  - 在中国境外的国家或者地区接受治疗
  - 投保前已有骨折的治疗和康复
  - 病理性骨折（指因疾病导致骨组织变弱的部位发生的任何骨折）
  - 投保人、被保险人及监护人的故意行为
  - 与被保险人共同居住的成年家庭成员对被保险人的教唆或帮助被保险人损害第三者权益
  - 被保险人在精神错乱、神智不清、意识不清或智障状态下所造成的第三者人身伤亡、财产损失，不论该状态由何原因（包括但不限于疾病、服用药品或毒品、醉酒等）引起
  - 被保险人参加潜水、滑雪、滑板、滑翔、冲浪、蹦极、热气球、跳伞、攀岩、漂流、探险活动、特技表演、赛马、赛车等高风险运动，或进行摔跤、柔道、拳击、武术、散打、空手道、跆拳道等搏击运动，以及进行前述运动前准备活动时导致的损失、责任和费用
  - 战争、敌对行为、军事行为、武装冲突、罢工、骚乱、暴动、恐怖活动、盗窃、抢劫
  - 行政行为或司法行为
  - 核辐射、核爆炸、核污染及其他放射性污染
  - 地震、火山爆发、海啸、雷击、洪水、暴雨、台风、龙卷风、暴风、雪灾、雹灾、冰凌、泥石流、崩塌、突发性滑坡、地面突然下陷等自然灾害
  - 烟熏、大气污染、土地污染、水污染及其他各种污染
  - 被保险人自伤、自杀、打架、斗殴、犯罪

**具体的内容冲突分析**：
- 文件1中的销售限制主要集中在救护车费用的保险责任范围和一些特定的费用排除。文件2中的销售限制则非常详细，涵盖了广泛的免责事项。虽然文件2中的某些免责事项与文件1中的部分内容重叠（如因疾病而发生的救护车费用、医生诊疗费、检查费等），但这些重叠部分并不构成冲突，因为文件2中的免责事项更为全面，而文件1中的限制更为具体。

**结果**：无冲突

### 总结
通过对两份文件的“基础产品销售信息”进行对比分析，未发现明显的冲突。两份文件在产品名、附加条款信息和销售限制方面虽然内容不同，但并不互相矛盾。因此，可以认为两份文件在“基础产品销售信息”方面是协调一致的。

**最终结论**：无冲突
2025-06-22 12:51:32 - text_comparison.py:80 - 2|3 result=### 冲突分析报告

#### 1. 产品名
- **文件1**: 泰康在线财产保险股份有限公司少儿医疗费用保险（互联网专属）
- **文件2**: 少儿门急诊医疗、附加少儿住院医疗、个人白血病疾病、意外身故/伤残、未成年人责任、骨折意外伤害、救护车

**具体内容冲突分析**:
- 文件1的产品名称较为详细，指明了公司名称和产品类型。
- 文件2的产品名称较为简略，列出了多个附加条款的名称。

**结果**: 无冲突

#### 2. 附加条款
- **文件1**:
  - 《泰康在线财产保险股份有限公司个人白血病疾病保险（互联网专属）》
  - 《泰康在线财产保险股份有限公司人身意外伤害保险E款（互联网专属）》
  - 《泰康在线财产保险股份有限公司附加意外伤害救护车费用保险（互联网专属）》
  - 《泰康在线财产保险股份有限公司骨折意外伤害保险（互联网专属）条款》
  - 《泰康在线财产保险股份有限公司附加未成年人责任保险条款》

- **文件2**:
  - 少儿门急诊医疗
  - 附加少儿住院医疗
  - 个人白血病疾病
  - 意外身故/伤残
  - 未成年人责任
  - 骨折意外伤害
  - 救护车

**具体内容冲突分析**:
- 文件1和文件2都提到了类似的附加条款，但文件1的条款名称更为详细，文件2的条款名称较为简略。
- 文件1中的《泰康在线财产保险股份有限公司人身意外伤害保险E款（互联网专属）》与文件2中的“意外身故/伤残”相对应。
- 文件1中的《泰康在线财产保险股份有限公司附加意外伤害救护车费用保险（互联网专属）》与文件2中的“救护车”相对应。
- 文件1中的《泰康在线财产保险股份有限公司骨折意外伤害保险（互联网专属）条款》与文件2中的“骨折意外伤害”相对应。
- 文件1中的《泰康在线财产保险股份有限公司附加未成年人责任保险条款》与文件2中的“未成年人责任”相对应。

**结果**: 无冲突

#### 3. 销售限制
- **投保地区**:
  - **文件1**: 仅限在中国大陆有固定居住地（常住）的人士投保。
  - **文件2**: 未提及

**具体内容冲突分析**:
- 文件2未明确说明投保地区，因此不进行比较。

**结果**: 无冲突

- **被保险人年龄限制**:
  - **文件1**: 出生满30天（含）-17周岁（含），投保人必须为其父母。
  - **文件2**: 28天-17周岁

**具体内容冲突分析**:
- 文件1的最低投保年龄为30天，文件2的最低投保年龄为28天，存在细微差异。

**结果**: 有冲突

- **投保方式**:
  - **文件1**: 月交或年交。
    - 选择年交保险费的，应当在合同成立时一次性交清保险费。保险费未交清前，本合同不生效，对本合同生效前发生的保险事故，保险公司不承担保险责任。
    - 选择月交保险费的，投保人应当在合同成立时交纳首期保险费，若未按约定交纳首期保险费，本合同不生效，对本合同生效前发生的保险事故，保险人不承担保险责任。
  - **文件2**: 
    - 年龄 0-1岁: 月缴77.9元，年缴848元
    - 年龄 2-5岁: 月缴73.3元，年缴797元
    - 年龄 6-9岁: 月缴72.2元，年缴785元
    - 年龄 10-17岁: 月缴63.9元，年缴695元

**具体内容冲突分析**:
- 文件1和文件2都提到了月交和年交的方式，但文件2提供了具体的缴费金额，而文件1没有提供具体的缴费金额。

**结果**: 无冲突

- **投保数量限制**:
  - **文件1**: 同一保险期限内，本产品最多可购买一份，多投超出部分保单自始无效。
  - **文件2**: 未提及

**具体内容冲突分析**:
- 文件2未明确说明投保数量限制，因此不进行比较。

**结果**: 无冲突

- **犹豫期**:
  - **文件1**: 本产品自保单生效起15天为犹豫期，投保人在此期间提出解除本合同，保险人将无息退还投保人所支付的全部保险费。
  - **文件2**: 未提及

**具体内容冲突分析**:
- 文件2未明确说明犹豫期，因此不进行比较。

**结果**: 无冲突

- **等待期**:
  - **文件1**:
    - 门（急）诊医疗费用保险金等待期为30天（含犹豫期）。
    - 住院医疗保险金等待期为30天（含犹豫期）。
    - 个人白血病保险金等待期90天。
  - **文件2**: 未提及

**具体内容冲突分析**:
- 文件2未明确说明等待期，因此不进行比较。

**结果**: 无冲突

- **续保**:
  - **文件1**: 本产品为不保证续保合同。保险期间为1年。保险期间届满或保险期间届满前30日内，投保人需要重新向保险人申请投保本产品，并经保险人同意，交纳保险费，获得新的保险合同。
  - **文件2**: 未提及

**具体内容冲突分析**:
- 文件2未明确说明续保条件，因此不进行比较。

**结果**: 无冲突

- **医疗相关保障限定**:
  - **文件1**: 中华人民共和国境内合法经营的二级以上（含二级）公立医院普通部（不含国际医疗及特需部)，以及保险人扩展的承保医院。同时保险人不予承保被保险人在河北省承德市兴隆县中医院、北京市平谷区、密云县和怀柔区的所有医疗机构、河南省通许县的所有医疗机构所发生的医疗保险责任。
  - **文件2**: 未提及

**具体内容冲突分析**:
- 文件2未明确说明医疗相关保障限定，因此不进行比较。

**结果**: 无冲突

### 总结
- **有冲突**:
  - 被保险人年龄限制

- **无冲突**:
  - 产品名
  - 附加条款
  - 投保地区
  - 投保方式
  - 投保数量限制
  - 犹豫期
  - 等待期
  - 续保
  - 医疗相关保障限定
2025-06-22 12:52:40 - text_comparison.py:80 - 2|4 result=### 冲突分析报告

#### 1. 产品名
- **文件1**: 泰康在线财产保险股份有限公司少儿医疗费用保险（互联网专属）
- **文件2**: 泰康在线财产保险股份有限公司少儿医疗费用保险（互联网专属）

**结果**: 无冲突

#### 2. 附加条款
- **文件1**:
  - 《泰康在线财产保险股份有限公司个人白血病疾病保险（互联网专属）》
  - 《泰康在线财产保险股份有限公司人身意外伤害保险E款（互联网专属）》
  - 《泰康在线财产保险股份有限公司附加意外伤害救护车费用保险（互联网专属）》
  - 《泰康在线财产保险股份有限公司骨折意外伤害保险（互联网专属）条款》
  - 《泰康在线财产保险股份有限公司附加未成年人责任保险条款》

- **文件2**:
  - 《泰康在线财产保险股份有限公司少儿医疗费用保险（互联网专属）条款》
  - 《泰康在线财产保险股份有限公司白血病疾病保险条款》
  - 《泰康在线财产保险股份有限公司人身意外伤害保险E款（互联网专属）条款》
  - 《泰康在线财产保险股份有限公司附加意外伤害救护车费用保险（互联网专属）条款》
  - 《泰康在线财产保险股份有限公司骨折意外伤害保险（互联网专属）条款》
  - 《泰康在线财产保险股份有限公司附加未成年人责任条款》

**结果**: 无冲突

#### 3. 销售限制
- **投保地区**:
  - **文件1**: 仅限在中国大陆有固定居住地（常住）的人士投保。
  - **文件2**: 未明确说明

**结果**: 无冲突

- **被保险人年龄限制**:
  - **文件1**: 出生满30天（含）-17周岁（含），投保人必须为其父母。
  - **文件2**: 未明确说明

**结果**: 无冲突

- **投保方式**:
  - **文件1**: 月交或年交。
    - 选择年交保险费的，应当在合同成立时一次性交清保险费。保险费未交清前，本合同不生效，对本合同生效前发生的保险事故，保险公司不承担保险责任。
    - 选择月交保险费的，投保人应当在合同成立时交纳首期保险费，若未按约定交纳首期保险费，本合同不生效，对本合同生效前发生的保险事故，保险人不承担保险责任。
  - **文件2**: 未明确说明

**结果**: 无冲突

- **投保数量限制**:
  - **文件1**: 同一保险期限内，本产品最多可购买一份，多投超出部分保单自始无效。
  - **文件2**: 未明确说明

**结果**: 无冲突

- **犹豫期**:
  - **文件1**: 本产品自保单生效起15天为犹豫期，投保人在此期间提出解除本合同，保险人将无息退还投保人所支付的全部保险费。
  - **文件2**: 未明确说明

**结果**: 无冲突

- **等待期**:
  - **文件1**:
    - 门（急）诊医疗费用保险金等待期为30天（含犹豫期）。
    - 住院医疗保险金等待期为30天（含犹豫期）。
    - 个人白血病保险金等待期90天。
  - **文件2**: 未明确说明

**结果**: 无冲突

- **续保**:
  - **文件1**: 本产品为不保证续保合同。保险期间为1年。保险期间届满或保险期间届满前30日内，投保人需要重新向保险人申请投保本产品，并经保险人同意，交纳保险费，获得新的保险合同。
  - **文件2**: 未明确说明

**结果**: 无冲突

- **医疗相关保障限定**:
  - **文件1**: 中华人民共和国境内合法经营的二级以上（含二级）公立医院普通部（不含国际医疗及特需部)，以及保险人扩展的承保医院。同时保险人不予承保被保险人在河北省承德市兴隆县中医院、北京市平谷区、密云县和怀柔区的所有医疗机构、河南省通许县的所有医疗机构所发生的医疗保险责任。
  - **文件2**: 未明确说明

**结果**: 无冲突

- **投保年龄**:
  - **文件1**: 投保年龄（投保时被保险人年龄）是健康险产品定价的重要影响因素，故年龄不同对应的投保保费或者续保保费也有可能存在一定差异。
  - **文件2**: 未明确说明

**结果**: 无冲突

#### 4. 其他销售限制
- **文件1**: 未提及
- **文件2**: 列举了大量责任免除事项，包括但不限于：
  - 投保人对被保险人的故意杀害、故意伤害
  - 投保人或被保险人在投保时未如实告知的疾病；被保险人在投保前罹患且在投保时尚未治愈的疾病
  - 被保险人故意自伤，但被保险人自伤时为无民事行为能力人的除外
  - 被保险人故意犯罪或者抗拒依法采取的刑事强制措施，或被国家机关依法拘禁或服刑期间伤病
  - 被保险人感染艾滋病病毒或者患艾滋病、性病、精神和行为障碍、遗传性疾病、先天性畸形、变形或者染色体异常
  - 《中华人民共和国传染病防治法》规定的甲类及乙类法定传染病
  - 被保险人接受疗养、康复治疗、心理治疗、美容、视力矫正手术、各种健康体检项目及预防性医疗项目、各种矫形及生理缺陷的手术和检查治疗项目、各种健美治疗项目、牙科保健及牙齿治疗以及非意外伤害事故所致的整容、整形手术
  - 被保险人接受特定项目的治疗，如皮肤色素沉着、雀斑、痣的治疗和去除、对浅表静脉曲张、蜘蛛脉、除瘢痕疙瘩型外的其他瘢痕、纹身去除、皮肤变色的治疗或手术、包皮环切术、包皮剥离术、包皮气囊扩张术、性功能障碍治疗引起的医疗费
  - 被保险人患有性早熟、佝偻病、身材矮小、骨发育异常及其他发育迟缓疾患
  - 被保险人接受各类医疗鉴定，包括但不限于医疗事故鉴定、精神病鉴定、验伤鉴定、亲子鉴定、遗传基因鉴定所发生的费用
  - 被保险人接受实验性治疗，即未经科学或医学认可的医疗；体外或植入的医疗辅助装置或用具及其安装费用
  - 被保险人殴斗、醉酒，主动吸食或注射毒品，违反规定使用麻醉或精神药品
  - 被保险人挑衅或者故意行为而导致的打斗、被袭击、被谋杀
  - 被保险人酒后驾驶、无合法有效驾驶证驾驶，或者驾驶无合法有效行驶证的机动车导致交通意外引起的医疗费用
  - 被保险人从事高风险运动导致的伤害引起的治疗
  - 被保险人未遵医嘱私自服用、涂用、注射药物
  - 被保险人由于职业病、医疗事故引起的医疗费用
  - 战争、军事行动、暴乱、武装叛乱、核爆炸、核辐射、核污染
  - 未经医生处方自行购药或非医院药房购药，医生开具的单次处方超过30天部分的药品费用
  - 投保人对被保险人的故意杀害、故意伤害
  - 被保险人故意自伤、故意犯罪或者抗拒依法采取的刑事强制措施或被国家机关依法拘禁或服刑期间伤病
  - 被保险人酗酒、殴斗、主动吸食或注射毒品，违反规定使用麻醉或精神药品
  - 战争（无论宣战与否）、军事冲突、暴乱或武装叛乱
  - 核爆炸、核辐射或核污染
  - 被保险人感染艾滋病病毒（HIV）或患艾滋病（AIDS）期间
  - 被保险人患遗传性疾病，先天性畸形、变形或染色体异常
  - 未经科学或者医学认可的预防性治疗、实验性或试验性治疗及其产生的后果所导致的恶性肿瘤
  - 被保险人在投保时已经患有白血病的，但投保时保险人已知晓并做出书面认可的除外
  - 由于职业病、医疗事故引起
  - 投保人的故意行为
  - 被保险人自伤或自杀，但被保险人自杀时为无民事行为能力人的除外
  - 因被保险人挑衅或故意行为而导致的打斗、被袭击或被谋杀
  - 被保险人妊娠、流产、分娩、疾病、药物过敏、中暑、食物中毒、猝死
  - 被保险人未遵医嘱，私自服用、涂用、注射药物
  - 核爆炸、核辐射或核污染等放射性污染
  - 恐怖袭击
  - 被保险人犯罪或抗拒依法采取的刑事强制措施
  - 被保险人从事跳伞、滑翔、赛马、马术表演、赛车、拳击等高风险运动或活动
  - 被保险人参加任何职业或半职业体育运动或设有奖金、报酬的体育活动
  - 被保险人因精神错乱或失常而导致的意外
  - 被保险人非法搭乘交通工具或搭乘未经保险事故发生地相关政府部门登记许可的交通工具
  - 被保险人因接受检查、麻醉、整容手术及其它内外科手术、药物治疗等导致的意外
  - 被保险人因意外伤害事故以外的原因失踪而被法院宣告死亡的
  - 被保险人因疾病而发生的救护车费用
  - 医生诊疗费、检查费、医药费、治疗费、担架费和转院时发生的费用（包括转院时发生的救护车车费）
  - 一般身体检查、疗养、特别护理、静养、康复性治疗、物理治疗或心理治疗
  - 主保险合同中规定的责任免除事项均适用于本附加合同
  - 投保人的故意行为
  - 因被保险人挑衅或故意行为而导致的打斗、被袭击或被谋杀
  - 被保险人妊娠、流产、分娩、疾病、药物过敏、中暑、食物中毒、猝死
  - 被保险人未遵医嘱，私自服用、涂用、注射药物
  - 核爆炸、核辐射或核污染等放射性污染
  - 恐怖袭击
  - 被保险人犯罪或抗拒依法采取的刑事强制措施
  - 被保险人从事潜水、跳伞、滑翔、攀岩运动、武术比赛、探险活动、摔跤比赛、特技表演、赛马、马术表演、赛车、拳击等高风险运动或活动
  - 被保险人参加任何职业或半职业体育运动或设有奖金、报酬的体育活动
  - 被保险人因精神错乱或失常而导致的意外
  - 在中国境外的国家或者地区接受治疗
  - 投保前已有骨折的治疗和康复
  - 病理性骨折（指因疾病导致骨组织变弱的部位发生的任何骨折）
  - 投保人、被保险人及监护人的故意行为
  - 与被保险人共同居住的成年家庭成员对被保险人的教唆或帮助被保险人损害第三者权益
  - 被保险人在精神错乱、神智不清、意识不清或智障状态下所造成的第三者人身伤亡、财产损失，不论该状态由何原因（包括但不限于疾病、服用药品或毒品、醉酒等）引起
  - 被保险人参加潜水、滑雪、滑板、滑翔、冲浪、蹦极、热气球、跳伞、攀岩、漂流、探险活动、特技表演、赛马、赛车等高风险运动，或进行摔跤、柔道、拳击、武术、散打、空手道、跆拳道等搏击运动，以及进行前述运动前准备活动时导致的损失、责任和费用
  - 战争、敌对行为、军事行为、武装冲突、罢工、骚乱、暴动、恐怖活动、盗窃、抢劫
  - 行政行为或司法行为
  - 核辐射、核爆炸、核污染及其他放射性污染
  - 地震、火山爆发、海啸、雷击、洪水、暴雨、台风、龙卷风、暴风、雪灾、雹灾、冰凌、泥石流、崩塌、突发性滑坡、地面突然下陷等自然灾害
  - 烟熏、大气污染、土地污染、水污染及其他各种污染
  - 被保险人自伤、自杀、打架、斗殴、犯罪

**结果**: 无冲突

### 总结
根据上述分析，两份文件在“基础产品销售信息”方面没有明显的冲突。文件2中列举了大量的责任免除事项，而文件1中并未详细列出这些事项，因此这些未明确说明的部分不视为冲突。
2025-06-22 12:53:59 - text_comparison.py:80 - 3|4 result=### 冲突分析报告

#### 1. 产品名
- **文件1**：少儿门急诊医疗、附加少儿住院医疗、个人白血病疾病、意外身故/伤残、未成年人责任、骨折意外伤害、救护车
- **文件2**：泰康在线财产保险股份有限公司少儿医疗费用保险（互联网专属）

**具体的内容冲突分析**：
- 文件1列出了多个具体的产品名称，而文件2则提供了一个综合性的产品名称。虽然文件1中的产品名称更详细，但它们可能属于文件2中的综合产品的一部分。

**结果**：无冲突

#### 2. 附加的条款信息
- **文件1**：
  - 少儿门急诊医疗: 保额5000元，限10次；赔付比例100%（已从其他途径获得报销），赔付比例60%（未从其他途径获得报销）
  - 附加少儿住院医疗: 保额2万，0元免赔，赔付比例100%
  - 个人白血病疾病: 保额30万，保额一次性赔付
  - 意外身故/伤残: 保额20万，保额一次性赔付
  - 未成年人责任: 财产损失的每次事故的绝对免赔为5000元，实际损失的10%；人身伤害的每次事故的绝对免赔为100元
  - 骨折意外伤害: 保额5000元，根据骨折程度确定赔付比例，具体见投保须知
  - 救护车: 保额2000元，0免赔，赔付比例100%

- **文件2**：
  - 《泰康在线财产保险股份有限公司少儿医疗费用保险（互联网专属）条款》
  - 《泰康在线财产保险股份有限公司白血病疾病保险条款》
  - 《泰康在线财产保险股份有限公司人身意外伤害保险E款（互联网专属）条款》
  - 《泰康在线财产保险股份有限公司附加意外伤害救护车费用保险（互联网专属）条款》
  - 《泰康在线财产保险股份有限公司骨折意外伤害保险（互联网专属）条款》
  - 《泰康在线财产保险股份有限公司附加未成年人责任条款》

**具体的内容冲突分析**：
- 文件1提供了具体的保额和赔付比例，而文件2仅列出了附加条款的名称。文件2中的条款名称与文件1中的产品名称相对应，但没有提供具体的保额和赔付比例。

**结果**：无冲突

#### 3. 销售限制
- **文件1**：
  - 投保年龄: 28天-17周岁
  - 参保价格:
    - 年龄 0-1岁: 月缴77.9元，年缴848元
    - 年龄 2-5岁: 月缴73.3元，年缴797元
    - 年龄 6-9岁: 月缴72.2元，年缴785元
    - 年龄 10-17岁: 月缴63.9元，年缴695元

- **文件2**：
  - 投保人对被保险人的故意杀害、故意伤害
  - 投保人或被保险人在投保时未如实告知的疾病；被保险人在投保前罹患且在投保时尚未治愈的疾病
  - 被保险人故意自伤，但被保险人自伤时为无民事行为能力人的除外
  - 被保险人故意犯罪或者抗拒依法采取的刑事强制措施，或被国家机关依法拘禁或服刑期间伤病
  - 被保险人感染艾滋病病毒或者患艾滋病、性病、精神和行为障碍、遗传性疾病、先天性畸形、变形或者染色体异常
  - 《中华人民共和国传染病防治法》规定的甲类及乙类法定传染病
  - 被保险人接受疗养、康复治疗、心理治疗、美容、视力矫正手术、各种健康体检项目及预防性医疗项目、各种矫形及生理缺陷的手术和检查治疗项目、各种健美治疗项目、牙科保健及牙齿治疗以及非意外伤害事故所致的整容、整形手术
  - 被保险人接受特定项目的治疗，如皮肤色素沉着、雀斑、痣的治疗和去除、对浅表静脉曲张、蜘蛛脉、除瘢痕疙瘩型外的其他瘢痕、纹身去除、皮肤变色的治疗或手术、包皮环切术、包皮剥离术、包皮气囊扩张术、性功能障碍治疗引起的医疗费
  - 被保险人患有性早熟、佝偻病、身材矮小、骨发育异常及其他发育迟缓疾患
  - 被保险人接受各类医疗鉴定，包括但不限于医疗事故鉴定、精神病鉴定、验伤鉴定、亲子鉴定、遗传基因鉴定所发生的费用
  - 被保险人接受实验性治疗，即未经科学或医学认可的医疗；体外或植入的医疗辅助装置或用具及其安装费用
  - 被保险人殴斗、醉酒，主动吸食或注射毒品，违反规定使用麻醉或精神药品
  - 被保险人挑衅或者故意行为而导致的打斗、被袭击、被谋杀
  - 被保险人酒后驾驶、无合法有效驾驶证驾驶，或者驾驶无合法有效行驶证的机动车导致交通意外引起的医疗费用
  - 被保险人从事高风险运动导致的伤害引起的治疗
  - 被保险人未遵医嘱私自服用、涂用、注射药物
  - 被保险人由于职业病、医疗事故引起的医疗费用
  - 战争、军事行动、暴乱、武装叛乱、核爆炸、核辐射、核污染
  - 未经医生处方自行购药或非医院药房购药，医生开具的单次处方超过30天部分的药品费用
  - 投保人对被保险人的故意杀害、故意伤害
  - 被保险人故意自伤、故意犯罪或者抗拒依法采取的刑事强制措施或被国家机关依法拘禁或服刑期间伤病
  - 被保险人酗酒、殴斗、主动吸食或注射毒品，违反规定使用麻醉或精神药品
  - 战争（无论宣战与否）、军事冲突、暴乱或武装叛乱
  - 核爆炸、核辐射或核污染
  - 被保险人感染艾滋病病毒（HIV）或患艾滋病（AIDS）期间
  - 被保险人患遗传性疾病，先天性畸形、变形或染色体异常
  - 未经科学或者医学认可的预防性治疗、实验性或试验性治疗及其产生的后果所导致的恶性肿瘤
  - 被保险人在投保时已经患有白血病的，但投保时保险人已知晓并做出书面认可的除外
  - 由于职业病、医疗事故引起
  - 投保人的故意行为
  - 被保险人自伤或自杀，但被保险人自杀时为无民事行为能力人的除外
  - 因被保险人挑衅或故意行为而导致的打斗、被袭击或被谋杀
  - 被保险人妊娠、流产、分娩、疾病、药物过敏、中暑、食物中毒、猝死
  - 被保险人未遵医嘱，私自服用、涂用、注射药物
  - 核爆炸、核辐射或核污染等放射性污染
  - 恐怖袭击
  - 被保险人犯罪或抗拒依法采取的刑事强制措施
  - 被保险人从事跳伞、滑翔、赛马、马术表演、赛车、拳击等高风险运动或活动
  - 被保险人参加任何职业或半职业体育运动或设有奖金、报酬的体育活动
  - 被保险人因精神错乱或失常而导致的意外
  - 被保险人非法搭乘交通工具或搭乘未经保险事故发生地相关政府部门登记许可的交通工具
  - 被保险人因接受检查、麻醉、整容手术及其它内外科手术、药物治疗等导致的意外
  - 被保险人因意外伤害事故以外的原因失踪而被法院宣告死亡的
  - 被保险人因疾病而发生的救护车费用
  - 医生诊疗费、检查费、医药费、治疗费、担架费和转院时发生的费用（包括转院时发生的救护车车费）
  - 一般身体检查、疗养、特别护理、静养、康复性治疗、物理治疗或心理治疗
  - 主保险合同中规定的责任免除事项均适用于本附加合同
  - 投保人的故意行为
  - 因被保险人挑衅或故意行为而导致的打斗、被袭击或被谋杀
  - 被保险人妊娠、流产、分娩、疾病、药物过敏、中暑、食物中毒、猝死
  - 被保险人未遵医嘱，私自服用、涂用、注射药物
  - 核爆炸、核辐射或核污染等放射性污染
  - 恐怖袭击
  - 被保险人犯罪或抗拒依法采取的刑事强制措施
  - 被保险人从事潜水、跳伞、滑翔、攀岩运动、武术比赛、探险活动、摔跤比赛、特技表演、赛马、赛车、拳击等高风险运动或活动
  - 被保险人参加任何职业或半职业体育运动或设有奖金、报酬的体育活动
  - 被保险人因精神错乱或失常而导致的意外
  - 在中国境外的国家或者地区接受治疗
  - 投保前已有骨折的治疗和康复
  - 病理性骨折（指因疾病导致骨组织变弱的部位发生的任何骨折）
  - 投保人、被保险人及监护人的故意行为
  - 与被保险人共同居住的成年家庭成员对被保险人的教唆或帮助被保险人损害第三者权益
  - 被保险人在精神错乱、神智不清、意识不清或智障状态下所造成的第三者人身伤亡、财产损失，不论该状态由何原因（包括但不限于疾病、服用药品或毒品、醉酒等）引起
  - 被保险人参加潜水、滑雪、滑板、滑翔、冲浪、蹦极、热气球、跳伞、攀岩、漂流、探险活动、特技表演、赛马、赛车等高风险运动，或进行摔跤、柔道、拳击、武术、散打、空手道、跆拳道等搏击运动，以及进行前述运动前准备活动时导致的损失、责任和费用
  - 战争、敌对行为、军事行为、武装冲突、罢工、骚乱、暴动、恐怖活动、盗窃、抢劫
  - 行政行为或司法行为
  - 核辐射、核爆炸、核污染及其他放射性污染
  - 地震、火山爆发、海啸、雷击、洪水、暴雨、台风、龙卷风、暴风、雪灾、雹灾、冰凌、泥石流、崩塌、突发性滑坡、地面突然下陷等自然灾害
  - 烟熏、大气污染、土地污染、水污染及其他各种污染
  - 被保险人自伤、自杀、打架、斗殴、犯罪

**具体的内容冲突分析**：
- 文件1主要关注投保年龄和参保价格，而文件2则详细列出了多种责任免除事项。文件1和文件2在销售限制方面的描述内容不同，但不相互矛盾。

**结果**：无冲突

### 总结
通过对两份文件的“基础产品销售信息”进行对比分析，未发现明显的冲突。两份文件在产品名称、附加条款信息和销售限制方面虽然描述方式不同，但内容并不相互矛盾。因此，可以认为两份文件在“基础产品销售信息”方面是协调一致的。
2025-06-22 12:53:59 - text_comparison.py:87 - results: [True, True, True, True, True, True, True, True, True, True]
2025-06-22 12:53:59 - text_comparison.py:94 - ===============cnt=1 || material_id='m_00002s' || rule='基础产品销售信息' || end_result=True===============
2025-06-22 12:53:59 - text_comparison.py:55 - ===============cnt=2 || material_id='m_00001a' || rule='基础产品销售信息' || label=True===============
2025-06-22 12:53:59 - text_comparison.py:60 - load data ../DATA/验证集/materials/m_00001a/CLAUSE/基础产品销售信息.txt...
2025-06-22 12:53:59 - text_comparison.py:60 - load data ../DATA/验证集/materials/m_00001a/HEAD_IMG/基础产品销售信息.txt...
2025-06-22 12:53:59 - text_comparison.py:60 - load data ../DATA/验证集/materials/m_00001a/INSURE_NOTICE/基础产品销售信息.txt...
2025-06-22 12:53:59 - text_comparison.py:60 - load data ../DATA/验证集/materials/m_00001a/INTRODUCE_IMG/基础产品销售信息.txt...
2025-06-22 12:53:59 - text_comparison.py:60 - load data ../DATA/验证集/materials/m_00001a/LIABILITY_EXCLUSION/基础产品销售信息.txt...
2025-06-22 12:54:36 - text_comparison.py:80 - 0|1 result=### 冲突分析报告

#### 1. 产品名称
- **文件1**: 旅行意外伤害保险
- **文件2**: 畅玩境内旅行保险
- **结果**: 无冲突

#### 2. 注册号
- **文件1**: C00017932312021120404613
- **文件2**: C00017932312021120404613
- **结果**: 无冲突

#### 3. 保险人
- **文件1**: 众安在线财产保险股份有限公司
- **文件2**: 众安在线财产保险股份有限公司（众安保险）
- **结果**: 无冲突

#### 4. 附加条款信息
- **文件1**: 附加旅行高风险运动意外伤害保险
- **文件2**: 附加旅行高风险运动意外伤害保险
- **结果**: 无冲突

#### 5. 销售限制
- **被保险人资格**
  - **文件1**: 具有完全民事行为能力的自然人可作为被保险人。无民事行为能力人和限制民事行为能力人不能作为被保险人，但父母为未成年子女投保本保险合同的不受此限。
  - **文件2**: 10-17周岁的自然人，18-75周岁有完全民事行为能力及生活自理能力的自然人。
  - **结果**: 无冲突（文件1更详细，文件2更简洁，但内容一致）

- **投保人资格**
  - **文件1**: 投保人应为具有完全民事行为能力的被保险人本人或对被保险人有保险利益的其他人。
  - **文件2**: 年满18周岁，对被保险人有可保利益，具有完全民事行为能力。
  - **结果**: 无冲突

- **承保区域**
  - **文件1**: 被保险人常住地的地级行政区或直辖市，被保险人常住地的地级行政区或直辖市外，但属于中华人民共和国境内（不包括香港、澳门及台湾地区），中华人民共和国境外以及香港、澳门、台湾地区，全球范围。
  - **文件2**: 承保区域适用于中国大陆境内，不含港澳台地区。
  - **结果**: 无冲突（文件1更详细，文件2更简洁，但内容一致）

- **保险期间**
  - **文件1**: 保险期间由保险人和投保人协商确定，以保险单载明的起讫时间为准。
  - **文件2**: 生效时间最早为投保后的次日零时，每次承保的旅程最长期限为40天。
  - **结果**: 无冲突（文件1更灵活，文件2更具体，但不冲突）

- **保险金额**
  - **文件1**: 保险金额由投保人、保险人双方约定，并在保险单中载明。对未成年人死亡给付的保险金总和不得超过保险监督管理机构规定的限额。本保险合同的意外身故保险责任及其保险金额，应由被保险人同意并认可。
  - **文件2**: 本保险意外住院津贴累计赔偿天数最高为90天，每天赔付金额为该责任保险金额除以90天予以赔付。本保险个人随身物品损失责任，按每件行李赔偿限额为1000元计算。
  - **结果**: 无冲突（文件1更通用，文件2更具体，但不冲突）

- **其他重要信息**
  - **文件1**: 保险费、如实告知义务
  - **文件2**: 本保险计划不承保因下列原因造成的任何费用损失：受保前已存在的疾病（是指被保险人在保险期间开始之日前患有的其已知或应该知道的疾病或症状）及其并发症。本保险旅游意外伤害医疗费用责任是指国家卫生部医院等级分类中的二级及二级以上公立医院实际发生的合理且必要的医疗费用；符合社会基本医疗保险范围内的医疗费用每次事故免赔200元后按100%赔付，北京市平谷区、密云县、怀柔区所有医院除外。
  - **结果**: 无冲突（文件1和文件2在如实告知义务方面一致，文件2在医疗费用方面更具体）

### 结论
两份文件在“基础产品销售信息”方面没有明显的冲突。虽然文件1和文件2在某些细节上的描述有所不同，但这些差异并不构成冲突，而是补充和细化了相关信息。因此，可以认为两份文件在“基础产品销售信息”方面是一致的。
2025-06-22 12:55:12 - text_comparison.py:80 - 0|2 result=### 冲突分析报告

#### <thing>产品名称</thing>
- **文件1**: 旅行意外伤害保险
- **文件2**: 畅玩境内旅行保险
- **分析**: 文件1中的产品名称为“旅行意外伤害保险”，而文件2中的产品名称为“畅玩境内旅行保险”。虽然两者都是旅行保险，但具体名称不同，因此不存在冲突。
- **结果**: 无冲突

#### <thing>注册号</thing>
- **文件1**: C00017932312021120404613
- **文件2**: 未明确说明
- **分析**: 文件2未明确说明注册号，因此无需进行比较。
- **结果**: 无冲突

#### <thing>保险人</thing>
- **文件1**: 众安在线财产保险股份有限公司
- **文件2**: 众安在线财产保险股份有限公司
- **分析**: 两份文件中的保险人均为“众安在线财产保险股份有限公司”，一致，无冲突。
- **结果**: 无冲突

#### <thing>附加条款信息</thing>
- **文件1**: 附加旅行高风险运动意外伤害保险
- **文件2**: 未明确说明
- **分析**: 文件2未明确说明附加条款信息，因此无需进行比较。
- **结果**: 无冲突

#### <thing>销售限制</thing>
- **被保险人资格**
  - **文件1**: 具有完全民事行为能力的自然人可作为被保险人。无民事行为能力人和限制民事行为能力人不能作为被保险人，但父母为未成年子女投保本保险合同的不受此限。
  - **文件2**: 未明确说明
  - **分析**: 文件2未明确说明被保险人资格，因此无需进行比较。
  - **结果**: 无冲突

- **投保人资格**
  - **文件1**: 投保人应为具有完全民事行为能力的被保险人本人或对被保险人有保险利益的其他人。
  - **文件2**: 未明确说明
  - **分析**: 文件2未明确说明投保人资格，因此无需进行比较。
  - **结果**: 无冲突

- **承保区域**
  - **文件1**: 被保险人常住地的地级行政区或直辖市；被保险人常住地的地级行政区或直辖市外，但属于中华人民共和国境内（不包括香港、澳门及台湾地区）；中华人民共和国境外以及香港、澳门、台湾地区；全球范围。
  - **文件2**: 未明确说明
  - **分析**: 文件2未明确说明承保区域，因此无需进行比较。
  - **结果**: 无冲突

- **保险期间**
  - **文件1**: 保险期间由保险人和投保人协商确定，以保险单载明的起讫时间为准。
  - **文件2**: 未明确说明
  - **分析**: 文件2未明确说明保险期间，因此无需进行比较。
  - **结果**: 无冲突

- **保险金额**
  - **文件1**: 保险金额由投保人、保险人双方约定，并在保险单中载明。对未成年人死亡给付的保险金总和不得超过保险监督管理机构规定的限额。本保险合同的意外身故保险责任及其保险金额，应由被保险人同意并认可。
  - **文件2**: 
    - 意外身故残疾（扩展高风险运动）：20万、30万、50万
    - 意外医疗补偿：2万、5万、10万
    - 公共交通工具意外伤害双倍给付：20万、30万、50万
    - 自驾车意外伤害双倍给付：30万、50万（不适用于未成年人）
    - 意外住院津贴：30元/天、50元/天、100元/天
    - 突发急性病身故：5000元、1万
    - 银行卡盗刷：3000元、5000元
  - **分析**: 文件1和文件2都提到了保险金额，但文件1是通用描述，文件2是具体的保障方案。文件2中的具体金额与文件1中的描述不冲突，因为文件1允许保险金额由投保人和保险人协商确定。
  - **结果**: 无冲突

#### <thing>其他重要信息</thing>
- **保险费**
  - **文件1**: 投保人应在本保险合同成立时交清保险费。保险费交清前，本保险合同不生效，对保险合同生效前发生的保险事故，保险人不承担保险责任。
  - **文件2**: 未明确说明
  - **分析**: 文件2未明确说明保险费，因此无需进行比较。
  - **结果**: 无冲突

- **如实告知义务**
  - **文件1**: 投保人应如实填写投保单并回答保险人提出的询问，履行如实告知义务。投保人故意或者因重大过失未履行前款规定的如实告知义务，足以影响保险人决定是否同意承保或者提高保险费率的，保险人有权解除合同。投保人故意不履行如实告知义务的，保险人对于合同解除前发生的保险事故，不承担给付保险金的责任，并不退还保险费。投保人因重大过失未履行如实告知义务，对保险事故的发生有严重影响的，保险人对于合同解除前发生的保险事故，不承担给付保险金的责任，但应当退还保险费。
  - **文件2**: 未明确说明
  - **分析**: 文件2未明确说明如实告知义务，因此无需进行比较。
  - **结果**: 无冲突

### 结论
根据以上分析，两份文件在“基础产品销售信息”方面没有明显的冲突。
2025-06-22 12:56:03 - text_comparison.py:80 - 1|2 result=### 冲突分析报告

#### 1. 产品名称
- **文件1**：畅玩境内旅行保险
- **文件2**：畅玩境内旅行保险

**结果**：无冲突

#### 2. 承保公司
- **文件1**：众安在线财产保险股份有限公司（众安保险）
- **文件2**：未明确说明

**结果**：无冲突

#### 3. 总部地点
- **文件1**：上海
- **文件2**：未明确说明

**结果**：无冲突

#### 4. 服务方式
- **文件1**：通过电话、互联网上的服务、第三方服务机构等方式提供全面便捷的保险服务
- **文件2**：未明确说明

**结果**：无冲突

#### 5. 客服热线
- **文件1**：952299或1010-9955
- **文件2**：未明确说明

**结果**：无冲突

#### 6. 分支机构
- **文件1**：众安保险不设分支机构
- **文件2**：未明确说明

**结果**：无冲突

#### 7. 产品条款
- **文件1**：
  - 《众安在线财产保险股份有限公司旅行意外伤害保险条款（互联网）注册号：C00017932312021120404613》
  - 《众安在线财产保险股份有限公司附加旅行高风险运动意外伤害保险条款（互联网）注册号：C00017932322021120304693》
  - 《众安在线财产保险股份有限公司附加旅行意外医疗费用补偿保险条款（互联网）注册号：C00017932522021111900573》
  - 《众安在线财产保险股份有限公司附加旅行公共交通工具意外伤害双倍给付保险条款（互联网）注册号：C00017932322021120406913》
  - 《众安在线财产保险股份有限公司附加旅行自驾意外伤害双倍给付保险条款（互联网）注册号：C00017932322021120818293》
  - 《众安在线财产保险股份有限公司附加旅行个人责任保险条款(众安在线)(备-责任保险)【2019】(附)028 号》
  - 《众安在线财产保险股份有限公司附加个人随身物品损失保险条款（众安备-家财【2015】附4号）》
  - 《众安在线财产保险股份有限公司附加旅行意外伤害住院津贴保险条款（互联网）注册号：C00017932522021121013283》
  - 《众安在线财产保险股份有限公司附加旅行猝死保险条款（互联网）注册号：C00017931922021120304733》
  - 《众安在线财产保险股份有限公司附加旅行银行卡盗刷保险条款 （众安备-家财【2015】附 203 号）》

- **文件2**：
  - 《众安在线财产保险股份有限公司旅行意外伤害保险条款（互联网）注册号：C00017932312021120404613》等、条款内容详见《保险条款》

**结果**：无冲突

#### 8. 投保人条件
- **文件1**：
  - 年满18周岁
  - 对被保险人有可保利益
  - 具有完全民事行为能力

- **文件2**：未明确说明

**结果**：无冲突

#### 9. 被保险人条件
- **文件1**：
  - 10-17周岁的自然人
  - 18-75周岁有完全民事行为能力及生活自理能力的自然人

- **文件2**：未明确说明

**结果**：无冲突

#### 10. 保险期限
- **文件1**：
  - 生效时间最早为投保后的次日零时
  - 每次承保的旅程最长期限为40天

- **文件2**：未明确说明

**结果**：无冲突

#### 11. 销售限制
- **文件1**：
  - 每一被保险人有效保险期间限购一份，多投无效
  - 投保人要求解除本合同的，保单生效前，可全额退保；保单生效后，不允许退保
  - 承保区域适用于中国大陆境内，不含港澳台地区
  - 境内旅游是指被保险人在本合同有效期内为该次旅行离开其境内日常居住地或日常工作地所在的市级行政区域；或搭乘公共交通工具直接前往其日常居住地或日常工作地所在的市级行政区域之外的境内旅行目的地（该二者以较早者为准）
  - 任何年龄已满10周岁但未满18周岁的被保险人，如果其以死亡为给付责任的保险金额（包括在所有商业保险公司所购买的保险）超出中国保监会所规定的限额（人民币50万元，航空意外死亡保险金不受此限），保险公司就超出限额部分不承担保险金给付责任
  - 本保险意外住院津贴累计赔偿天数最高为90天，每天赔付金额为该责任保险金额除以90天予以赔付
  - 本保险个人随身物品损失责任，按每件行李赔偿限额为1000元计算
  - 本保险计划不承保因下列原因造成的任何费用损失：受保前已存在的疾病（是指被保险人在保险期间开始之日前患有的其已知或应该知道的疾病或症状）及其并发症
  - 本保险旅游意外伤害医疗费用责任是指国家卫生部医院等级分类中的二级及二级以上公立医院实际发生的合理且必要的医疗费用；符合社会基本医疗保险范围内的医疗费用每次事故免赔200元后按100%赔付，北京市平谷区、密云县、怀柔区所有医院除外

- **文件2**：
  - 未明确说明具体的销售限制，但提到了不同版本的保障责任和赔偿金额

**结果**：无冲突

### 综合结论
根据上述分析，两份文件在“基础产品销售信息”方面没有明显的冲突。
2025-06-22 12:56:03 - text_comparison.py:87 - results: [True, True, True]
2025-06-22 12:56:03 - text_comparison.py:94 - ===============cnt=2 || material_id='m_00001a' || rule='基础产品销售信息' || end_result=True===============
2025-06-22 12:56:03 - text_comparison.py:55 - ===============cnt=3 || material_id='m_00003a' || rule='责任免除' || label=True===============
2025-06-22 12:56:03 - text_comparison.py:60 - load data ../DATA/验证集/materials/m_00003a/ADDITIONAL_AGREEMENT/责任免除.txt...
2025-06-22 12:56:03 - text_comparison.py:60 - load data ../DATA/验证集/materials/m_00003a/CLAUSE/责任免除.txt...
2025-06-22 12:56:03 - text_comparison.py:60 - load data ../DATA/验证集/materials/m_00003a/HEAD_IMG/责任免除.txt...
2025-06-22 12:56:03 - text_comparison.py:60 - load data ../DATA/验证集/materials/m_00003a/INSURE_NOTICE/责任免除.txt...
2025-06-22 12:56:03 - text_comparison.py:60 - load data ../DATA/验证集/materials/m_00003a/INTRODUCE_IMG/责任免除.txt...
2025-06-22 12:56:03 - text_comparison.py:60 - load data ../DATA/验证集/materials/m_00003a/LIABILITY_EXCLUSION/责任免除.txt...
2025-06-22 12:56:39 - text_comparison.py:80 - 0|1 result=### 冲突分析报告

#### 1. 等待期
**具体的内容冲突分析**
- 文件1明确规定了在等待期内发生保险事故，保险人不承担给付保险金的责任。
- 文件2未提及等待期的相关内容。

**结果**
- 无冲突

#### 2. 故意行为
**具体的内容冲突分析**
- 文件1未提及故意行为的相关内容。
- 文件2详细列出了多种故意行为，如投保人对被保险人的故意杀害或故意伤害、被保险人故意自杀、自伤、故意犯罪等。

**结果**
- 无冲突

#### 3. 醉酒、吸毒、药物滥用
**具体的内容冲突分析**
- 文件1未提及醉酒、吸毒、药物滥用的相关内容。
- 文件2明确指出被保险人醉酒、主动吸食或注射毒品，违反规定使用麻醉或精神药品，保险人不承担给付保险金责任。

**结果**
- 无冲突

#### 4. 医疗费用
**具体的内容冲突分析**
- 文件1未提及具体的医疗费用相关内容。
- 文件2详细列出了多种医疗费用的免责情况，如矫形、整容、美容、器官移植或修复、康复性医疗器械、预防、康复、休养或疗养、医疗咨询、健康体检、保健性或非疾病治疗类项目、椎间盘突出症、病理性骨折、不符合合同约定的医院就诊等。

**结果**
- 无冲突

#### 5. 交通违法行为
**具体的内容冲突分析**
- 文件1未提及交通违法行为的相关内容。
- 文件2明确指出被保险人酒后驾驶、无有效驾驶证驾驶、驾驶无有效行驶证的机动交通工具，保险人不承担给付保险金责任。

**结果**
- 无冲突

#### 6. 高风险运动
**具体的内容冲突分析**
- 文件1未提及高风险运动的相关内容。
- 文件2详细列出了多种高风险运动，如潜水、滑水、冲浪、赛艇、漂流、滑翔翼、热气球、跳伞、蹦极、乘坐或驾驶商业民航班机以外的飞行器、攀岩、攀登海拔3500米以上的独立山峰、攀爬建筑物、滑雪、滑冰、武术、摔跤、柔道、空手道、跆拳道、拳击、马术、赛马、赛车、特技表演、替身表演、探险或考察活动等。

**结果**
- 无冲突

#### 7. 疾病和健康状况
**具体的内容冲突分析**
- 文件1未提及疾病和健康状况的相关内容。
- 文件2明确指出被保险人患性病、精神和行为障碍、遗传性疾病、先天性畸形、变形或染色体异常、感染艾滋病病毒或患艾滋病，保险人不承担给付保险金责任。

**结果**
- 无冲突

#### 8. 战争、军事行动、暴乱、核爆炸、核辐射、核污染、化学污染
**具体的内容冲突分析**
- 文件1未提及战争、军事行动、暴乱、核爆炸、核辐射、核污染、化学污染的相关内容。
- 文件2明确指出战争、军事行动、暴乱或者武装叛乱、核爆炸、核辐射或者核污染、化学污染，保险人不承担给付保险金责任。

**结果**
- 无冲突

### 总结
根据上述分析，两份文件在“责任免除”部分的描述和表达不存在明显的相互冲突。因此，最终结论为：

**无冲突**
2025-06-22 12:57:08 - text_comparison.py:80 - 0|2 result=### 冲突分析

#### 等待期
<thing>等待期</thing>
- **文件1**：在等待期内发生保险事故，保险人不承担给付保险金的责任。
- **文件2**：未提及等待期。

<result>无冲突</result>

#### 故意行为
<thing>故意行为</thing>
- **文件1**：未提及。
- **文件2**：投保人对被保险人的故意杀害或故意伤害；被保险人故意自杀、自伤，但被保险人自杀时为无民事行为能力人的除外。

<result>无冲突</result>

#### 故意犯罪
<thing>故意犯罪</thing>
- **文件1**：未提及。
- **文件2**：被保险人故意犯罪或者抗拒依法采取的刑事强制措施，或被政府依法拘禁或入狱期间伤病。

<result>无冲突</result>

#### 醉酒、吸毒
<thing>醉酒、吸毒</thing>
- **文件1**：未提及。
- **文件2**：被保险人殴斗、醉酒、主动吸食或注射毒品，违反规定使用麻醉或精神药品。

<result>无冲突</result>

#### 自行用药
<thing>自行用药</thing>
- **文件1**：未提及。
- **文件2**：被保险人未遵医嘱擅自服用、涂用、注射药物。

<result>无冲突</result>

#### 矫形、整容、美容等
<thing>矫形、整容、美容等</thing>
- **文件1**：未提及。
- **文件2**：用于矫形、整容、美容、器官移植或修复、安装及购买康复性医疗器械（如眼镜或隐形眼镜、义齿、义眼、义肢、轮椅、拐杖、助听器等）所产生的费用。

<result>无冲突</result>

#### 预防、康复、休养等
<thing>预防、康复、休养等</thing>
- **文件1**：未提及。
- **文件2**：被保险人因预防、康复、休养或疗养、医疗咨询、健康体检、以捐献身体器官为目的的医疗行为、保健性或非疾病治疗类项目发生的医疗费用。

<result>无冲突</result>

#### 椎间盘突出症
<thing>椎间盘突出症</thing>
- **文件1**：未提及。
- **文件2**：被保险人因发生椎间盘突出症（包括椎间盘膨出、椎间盘突出、椎间盘脱出、游离性椎间盘等类型）而发生的医疗费用。

<result>无冲突</result>

#### 病理性骨折
<thing>病理性骨折</thing>
- **文件1**：未提及。
- **文件2**：被保险人因病理性骨折而发生的医疗费用。

<result>无冲突</result>

#### 不符合约定的医院
<thing>不符合约定的医院</thing>
- **文件1**：未提及。
- **文件2**：被保险人在不符合本合同约定的医院就诊发生的医疗费用。

<result>无冲突</result>

#### 酒后驾驶、无有效驾驶证驾驶
<thing>酒后驾驶、无有效驾驶证驾驶</thing>
- **文件1**：未提及。
- **文件2**：被保险人酒后驾驶、无有效驾驶证驾驶或者驾驶无有效行驶证的机动交通工具。

<result>无冲突</result>

#### 职业运动或可获得报酬的运动
<thing>职业运动或可获得报酬的运动</thing>
- **文件1**：未提及。
- **文件2**：被保险人从事职业运动或可获得报酬的运动或竞技，在训练或比赛中受伤。

<result>无冲突</result>

#### 高风险运动
<thing>高风险运动</thing>
- **文件1**：未提及。
- **文件2**：被保险人从事或参加高风险运动，如：潜水、滑水、冲浪、赛艇、漂流、滑翔翼、热气球、跳伞或其他高空运动、蹦极、乘坐或驾驶商业民航班机以外的飞行器、攀岩、攀登海拔3500米以上的独立山峰、攀爬建筑物、滑雪、滑冰、武术、摔跤、柔道、空手道、跆拳道、拳击、马术、赛马、赛车、特技表演（含训练）、替身表演（含训练）、探险或考察活动（洞穴、极地、沙漠、火山、冰川等）。

<result>无冲突</result>

#### 性病、精神和行为障碍等
<thing>性病、精神和行为障碍等</thing>
- **文件1**：未提及。
- **文件2**：被保险人患性病，精神和行为障碍，遗传性疾病，先天性畸形、变形或染色体异常（依据世界卫生组织《疾病和有关健康问题的国际统计分类》（ICD-10）确定）。

<result>无冲突</result>

#### 感染艾滋病病毒或患艾滋病
<thing>感染艾滋病病毒或患艾滋病</thing>
- **文件1**：未提及。
- **文件2**：被保险人感染艾滋病病毒或患艾滋病。

<result>无冲突</result>

#### 战争、军事行动等
<thing>战争、军事行动等</thing>
- **文件1**：未提及。
- **文件2**：战争、军事行动、暴乱或者武装叛乱。

<result>无冲突</result>

#### 核爆炸、核辐射等
<thing>核爆炸、核辐射等</thing>
- **文件1**：未提及。
- **文件2**：核爆炸、核辐射或者核污染、化学污染。

<result>无冲突</result>

### 最终结论
<result>无冲突</result>
2025-06-22 12:58:07 - text_comparison.py:80 - 1|2 result=### 具体内容冲突分析

#### 1. 投保人对被保险人的故意杀害或故意伤害
- **文件1**：投保人对被保险人的故意杀害或故意伤害
- **文件2**：投保人对被保险人的故意杀害或故意伤害
- **分析**：两份文件的描述完全一致，没有冲突。
- **结果**：无冲突

#### 2. 被保险人故意自杀、自伤，但被保险人自杀时为无民事行为能力人的除外
- **文件1**：被保险人故意自杀、自伤，但被保险人自杀时为无民事行为能力人的除外
- **文件2**：被保险人故意自杀、自伤，但被保险人自杀时为无民事行为能力人的除外
- **分析**：两份文件的描述完全一致，没有冲突。
- **结果**：无冲突

#### 3. 被保险人故意犯罪或者抗拒依法采取的刑事强制措施，或被政府依法拘禁或入狱期间伤病
- **文件1**：被保险人故意犯罪或者抗拒依法采取的刑事强制措施，或被政府依法拘禁或入狱期间伤病
- **文件2**：被保险人故意犯罪或者抗拒依法采取的刑事强制措施，或被政府依法拘禁或入狱期间伤病
- **分析**：两份文件的描述完全一致，没有冲突。
- **结果**：无冲突

#### 4. 被保险人殴斗、醉酒、主动吸食或注射毒品，违反规定使用麻醉或精神药品
- **文件1**：被保险人殴斗、醉酒、主动吸食或注射毒品，违反规定使用麻醉或精神药品
- **文件2**：被保险人殴斗、醉酒、主动吸食或注射毒品，违反规定使用麻醉或精神药品
- **分析**：两份文件的描述完全一致，没有冲突。
- **结果**：无冲突

#### 5. 被保险人未遵医嘱擅自服用、涂用、注射药物
- **文件1**：被保险人未遵医嘱擅自服用、涂用、注射药物
- **文件2**：被保险人未遵医嘱擅自服用、涂用、注射药物
- **分析**：两份文件的描述完全一致，没有冲突。
- **结果**：无冲突

#### 6. 用于矫形、整容、美容、器官移植或修复、安装及购买康复性医疗器械（如眼镜或隐形眼镜、义齿、义眼、义肢、轮椅、拐杖、助听器等）所产生的费用
- **文件1**：用于矫形、整容、美容、器官移植或修复、安装及购买康复性医疗器械（如眼镜或隐形眼镜、义齿、义眼、义肢、轮椅、拐杖、助听器等）所产生的费用
- **文件2**：用于矫形、整容、美容、器官移植或修复、安装及购买康复性医疗器械（如眼镜或隐形眼镜、义齿、义眼、义肢、轮椅、拐杖、助听器等）所产生的费用
- **分析**：两份文件的描述完全一致，没有冲突。
- **结果**：无冲突

#### 7. 被保险人因预防、康复、休养或疗养、医疗咨询、健康体检、以捐献身体器官为目的的医疗行为、保健性或非疾病治疗类项目发生的医疗费用
- **文件1**：被保险人因预防、康复、休养或疗养、医疗咨询、健康体检、以捐献身体器官为目的的医疗行为、保健性或非疾病治疗类项目发生的医疗费用
- **文件2**：被保险人因预防、康复、休养或疗养、医疗咨询、健康体检、以捐献身体器官为目的的医疗行为、保健性或非疾病治疗类项目发生的医疗费用
- **分析**：两份文件的描述完全一致，没有冲突。
- **结果**：无冲突

#### 8. 被保险人因发生椎间盘突出症（包括椎间盘膨出、椎间盘突出、椎间盘脱出、游离性椎间盘等类型）而发生的医疗费用
- **文件1**：被保险人因发生椎间盘突出症（包括椎间盘膨出、椎间盘突出、椎间盘脱出、游离性椎间盘等类型）而发生的医疗费用
- **文件2**：被保险人因发生椎间盘突出症（包括椎间盘膨出、椎间盘突出、椎间盘脱出、游离性椎间盘等类型）而发生的医疗费用
- **分析**：两份文件的描述完全一致，没有冲突。
- **结果**：无冲突

#### 9. 被保险人因病理性骨折而发生的医疗费用
- **文件1**：被保险人因病理性骨折而发生的医疗费用
- **文件2**：被保险人因病理性骨折而发生的医疗费用
- **分析**：两份文件的描述完全一致，没有冲突。
- **结果**：无冲突

#### 10. 被保险人在不符合本合同约定的医院就诊发生的医疗费用
- **文件1**：被保险人在不符合本合同约定的医院就诊发生的医疗费用
- **文件2**：被保险人在不符合本合同约定的医院就诊发生的医疗费用
- **分析**：两份文件的描述完全一致，没有冲突。
- **结果**：无冲突

#### 11. 被保险人酒后驾驶、无有效驾驶证驾驶（释义十）或者驾驶无有效行驶证（释义十一）的机动交通工具
- **文件1**：被保险人酒后驾驶、无有效驾驶证驾驶（释义十）或者驾驶无有效行驶证（释义十一）的机动交通工具
- **文件2**：被保险人酒后驾驶、无有效驾驶证驾驶或者驾驶无有效行驶证的机动交通工具
- **分析**：两份文件的描述基本一致，文件1中增加了“释义十”和“释义十一”的解释，但不影响整体含义，没有冲突。
- **结果**：无冲突

#### 12. 被保险人从事职业运动或可获得报酬的运动或竞技，在训练或比赛中受伤
- **文件1**：被保险人从事职业运动或可获得报酬的运动或竞技，在训练或比赛中受伤
- **文件2**：被保险人从事职业运动或可获得报酬的运动或竞技，在训练或比赛中受伤
- **分析**：两份文件的描述完全一致，没有冲突。
- **结果**：无冲突

#### 13. 被保险人从事或参加高风险运动
- **文件1**：被保险人从事或参加高风险运动，如：潜水（释义十二）、滑水、冲浪、赛艇、漂流、滑翔翼、热气球、跳伞或其他高空运动、蹦极、乘坐或驾驶商业民航班机以外的飞行器、攀岩（释义十三）、攀登海拔3500米以上的独立山峰、攀爬建筑物、滑雪、滑冰、武术（释义十四）、摔跤、柔道、空手道、跆拳道、拳击、马术、赛马、赛车、特技表演（释义十五）（含训练）、替身表演（含训练）、探险（释义十六）或考察活动（洞穴、极地、沙漠、火山、冰川等）
- **文件2**：被保险人从事或参加高风险运动，如：潜水、滑水、冲浪、赛艇、漂流、滑翔翼、热气球、跳伞或其他高空运动、蹦极、乘坐或驾驶商业民航班机以外的飞行器、攀岩、攀登海拔3500米以上的独立山峰、攀爬建筑物、滑雪、滑冰、武术、摔跤、柔道、空手道、跆拳道、拳击、马术、赛马、赛车、特技表演（含训练）、替身表演（含训练）、探险或考察活动（洞穴、极地、沙漠、火山、冰川等）
- **分析**：两份文件的描述基本一致，文件1中增加了“释义十二”、“释义十三”、“释义十四”、“释义十五”、“释义十六”的解释，但不影响整体含义，没有冲突。
- **结果**：无冲突

#### 14. 被保险人患性病，精神和行为障碍，遗传性疾病，先天性畸形、变形或染色体异常
- **文件1**：被保险人患性病，精神和行为障碍，遗传性疾病（释义十七），先天性畸形、变形或染色体异常（释义十八）（依据世界卫生组织《疾病和有关健康问题的国际统计分类》（ICD-10）确定）
- **文件2**：被保险人患性病，精神和行为障碍，遗传性疾病，先天性畸形、变形或染色体异常（依据世界卫生组织《疾病和有关健康问题的国际统计分类》（ICD-10）确定）
- **分析**：两份文件的描述基本一致，文件1中增加了“释义十七”和“释义十八”的解释，但不影响整体含义，没有冲突。
- **结果**：无冲突

#### 15. 被保险人感染艾滋病病毒或患艾滋病
- **文件1**：被保险人感染艾滋病病毒或患艾滋病（释义十九）
- **文件2**：被保险人感染艾滋病病毒或患艾滋病
- **分析**：两份文件的描述基本一致，文件1中增加了“释义十九”的解释，但不影响整体含义，没有冲突。
- **结果**：无冲突

#### 16. 战争、军事行动、暴乱或者武装叛乱
- **文件1**：战争、军事行动、暴乱或者武装叛乱
- **文件2**：战争、军事行动、暴乱或者武装叛乱
- **分析**：两份文件的描述完全一致，没有冲突。
- **结果**：无冲突

#### 17. 核爆炸、核辐射或者核污染、化学污染
- **文件1**：核爆炸、核辐射或者核污染、化学污染
- **文件2**：核爆炸、核辐射或者核污染、化学污染
- **分析**：两份文件的描述完全一致，没有冲突。
- **结果**：无冲突

### 总结
经过详细对比分析，两份文件在“责任免除”部分的描述完全一致或基本一致，没有明显的冲突。

<result>无冲突</result>
2025-06-22 12:58:07 - text_comparison.py:87 - results: [True, True, True]
2025-06-22 12:58:07 - text_comparison.py:94 - ===============cnt=3 || material_id='m_00003a' || rule='责任免除' || end_result=True===============
2025-06-22 12:58:07 - text_comparison.py:55 - ===============cnt=4 || material_id='m_00007a' || rule='续保条款' || label=False===============
2025-06-22 12:58:07 - text_comparison.py:60 - load data ../DATA/验证集/materials/m_00007a/ADDITIONAL_AGREEMENT/续保条款.txt...
2025-06-22 12:58:07 - text_comparison.py:60 - load data ../DATA/验证集/materials/m_00007a/CLAUSE/续保条款.txt...
2025-06-22 12:58:07 - text_comparison.py:60 - load data ../DATA/验证集/materials/m_00007a/HEAD_IMG/续保条款.txt...
2025-06-22 12:58:07 - text_comparison.py:60 - load data ../DATA/验证集/materials/m_00007a/INSURE_NOTICE/续保条款.txt...
2025-06-22 12:58:07 - text_comparison.py:60 - load data ../DATA/验证集/materials/m_00007a/INTRODUCE_IMG/续保条款.txt...
2025-06-22 12:58:07 - text_comparison.py:60 - load data ../DATA/验证集/materials/m_00007a/LIABILITY_EXCLUSION/续保条款.txt...
2025-06-22 12:58:07 - text_comparison.py:60 - load data ../DATA/验证集/materials/m_00007a/PRODUCT_MANUAL/续保条款.txt...
2025-06-22 12:58:07 - text_comparison.py:87 - results: []
2025-06-22 12:58:07 - text_comparison.py:94 - ===============cnt=4 || material_id='m_00007a' || rule='续保条款' || end_result=True===============
2025-06-22 12:58:07 - text_comparison.py:55 - ===============cnt=5 || material_id='m_00139a' || rule='基础产品销售信息' || label=True===============
2025-06-22 12:58:07 - text_comparison.py:60 - load data ../DATA/验证集/materials/m_00139a/ADDITIONAL_AGREEMENT/基础产品销售信息.txt...
2025-06-22 12:58:07 - text_comparison.py:60 - load data ../DATA/验证集/materials/m_00139a/CLAUSE/基础产品销售信息.txt...
2025-06-22 12:58:07 - text_comparison.py:60 - load data ../DATA/验证集/materials/m_00139a/HEAD_IMG/基础产品销售信息.txt...
2025-06-22 12:58:07 - text_comparison.py:60 - load data ../DATA/验证集/materials/m_00139a/INSURE_NOTICE/基础产品销售信息.txt...
2025-06-22 12:58:07 - text_comparison.py:60 - load data ../DATA/验证集/materials/m_00139a/LIABILITY_EXCLUSION/基础产品销售信息.txt...
2025-06-22 12:58:48 - text_comparison.py:80 - 0|1 result=### 冲突分析报告

#### 1. 产品名称
- **文件1**: 太平鸿享金生终身寿险（分红型）
- **文件2**: 太平鸿享金生终身寿险（分红型）

**结果**: 无冲突

#### 2. 附加条款信息
- **文件1**:
  - 分红保险（释义一）
  - 保单贷款（第十八条）
  - 年金转换权（第十九条）
  - 合同内容的变更权（第二十条）
  - 合同效力的中止与恢复（第二十一条）
  - 犹豫期（第二十二条）
  - 解除合同的手续及风险（第二十三条）
- **文件2**:
  - 年金转换权
  - 宽限期
  - 合同效力的中止与恢复

**结果**: 无冲突

#### 3. 销售限制
- **投保年龄**:
  - **文件1**:
    - 男性被保险人: 出生满28日至66周岁
    - 女性被保险人: 出生满28日至70周岁
  - **文件2**:
    - 男性被保险人: 出生满28日至66周岁
    - 女性被保险人: 出生满28日至70周岁

**结果**: 无冲突

- **保险期间**:
  - **文件1**: 终身，自合同生效日零时起至被保险人身故时止
  - **文件2**: 未明确说明

**结果**: 无冲突

- **保险费支付方式**:
  - **文件1**: 趸交或分期支付
  - **文件2**: 支持线上支付，续期保费可通过首次投保时的支付方式进行自动扣费

**结果**: 无冲突

- **宽限期**:
  - **文件1**: 自保险费约定支付日的次日零时起60日，宽限期内发生保险事故仍承担保险责任，但会扣减欠交的保险费
  - **文件2**: 分期支付保险费的，支付首期保险费后，60日为宽限期，宽限期内发生的保险事故仍承担保险责任，但给付保险金时扣减欠交的保险费

**结果**: 无冲突

- **犹豫期**:
  - **文件1**: 收到合同并签收之日起15日内，犹豫期内解除合同无息退还已交保险费（扣除10元工本费）
  - **文件2**: 收到合同并签收之日起15日的犹豫期，犹豫期内解除合同无息退还已交保险费

**结果**: 无冲突

#### 4. 保险责任
- **身故保险金**:
  - **文件1**:
    - 被保险人身故时未满18周岁: 较大者（已交保险费×（1+累积红利保险金额÷基本保险金额） 或 本合同的现金价值）
    - 被保险人身故时已满18周岁:
      - 趸交: 最大者（给付系数×已交保险费×（1+累积红利保险金额÷基本保险金额）、本合同的有效保险金额、本合同的现金价值）
      - 分期支付:
        - 最后一个保险费约定支付日后的首个保险单周年日零时之前: 较大者（给付系数×已交保险费×（1+累积红利保险金额÷基本保险金额）、本合同的现金价值）
        - 最后一个保险费约定支付日后的首个保险单周年日零时之后: 最大者（给付系数×已交保险费×（1+累积红利保险金额÷基本保险金额）、本合同的有效保险金额、本合同的现金价值）
  - **文件2**: 未明确说明

**结果**: 无冲突

- **公共交通意外身故保险金**:
  - **文件1**: 被保险人年满18周岁后，年满80周岁前乘坐公共交通工具期间遭遇意外伤害事故，且自事故发生之日起180日内身故，额外给付本合同的有效保险金额，最高以人民币2000万元为限
  - **文件2**: 未明确说明

**结果**: 无冲突

#### 5. 责任免除
- **文件1**:
  - 投保人对被保险人的故意杀害、故意伤害
  - 被保险人故意犯罪或者抗拒依法采取的刑事强制措施
  - 被保险人自合同成立或效力恢复之日起2年内自杀（但被保险人自杀时为无民事行为能力人除外）
  - 被保险人服用、吸食或注射毒品
  - 被保险人酒后驾驶、无合法有效驾驶证驾驶或驾驶无合法有效行驶证的机动车
  - 战争、军事冲突、暴乱或武装叛乱
  - 核爆炸、核辐射或核污染
- **文件2**: 未明确说明

**结果**: 无冲突

#### 6. 其他重要事项
- **红利分配**:
  - **文件1**: 包括年度红利和终了红利
  - **文件2**: 未明确说明

**结果**: 无冲突

- **合同终止**:
  - **文件1**: 发生特定情况时自动终止，如已给付身故保险金或公共交通意外身故保险金
  - **文件2**: 未明确说明

**结果**: 无冲突

- **联系方式变更**:
  - **文件1**: 需及时通知保险公司以保障权益
  - **文件2**: 未明确说明

**结果**: 无冲突

- **争议处理**:
  - **文件1**: 协商解决，协商不成的依法向人民法院起诉
  - **文件2**: 未明确说明

**结果**: 无冲突

### 总结
经过详细对比分析，两份文件在“基础产品销售信息”方面没有明显的冲突。
2025-06-22 12:58:48 - text_comparison.py:87 - results: [True]
2025-06-22 12:58:48 - text_comparison.py:94 - ===============cnt=5 || material_id='m_00139a' || rule='基础产品销售信息' || end_result=True===============
2025-06-22 12:58:48 - text_comparison.py:55 - ===============cnt=6 || material_id='m_00061a' || rule='责任免除' || label=False===============
2025-06-22 12:58:48 - text_comparison.py:60 - load data ../DATA/验证集/materials/m_00061a/ADDITIONAL_AGREEMENT/责任免除.txt...
2025-06-22 12:58:48 - text_comparison.py:60 - load data ../DATA/验证集/materials/m_00061a/CLAUSE/责任免除.txt...
2025-06-22 12:58:48 - text_comparison.py:60 - load data ../DATA/验证集/materials/m_00061a/HEAD_IMG/责任免除.txt...
2025-06-22 12:58:48 - text_comparison.py:60 - load data ../DATA/验证集/materials/m_00061a/HEALTH_INFORM/责任免除.txt...
2025-06-22 12:58:48 - text_comparison.py:60 - load data ../DATA/验证集/materials/m_00061a/INSURE_NOTICE/责任免除.txt...
2025-06-22 12:58:48 - text_comparison.py:60 - load data ../DATA/验证集/materials/m_00061a/INTRODUCE_IMG/责任免除.txt...
2025-06-22 12:58:48 - text_comparison.py:60 - load data ../DATA/验证集/materials/m_00061a/LIABILITY_EXCLUSION/责任免除.txt...
2025-06-22 12:58:48 - text_comparison.py:60 - load data ../DATA/验证集/materials/m_00061a/PRODUCT_MANUAL/责任免除.txt...
2025-06-22 12:59:09 - text_comparison.py:80 - 0|1 result=### 冲突分析报告

#### 文件1与文件2的责任免除条款对比

**文件1**：
- **职业分类**：本保险不接受职业范围属于矿工、采石工、采砂工、爆破工、高压电工程设施人员、海洋船员、潜水员、火药炸药制造及处理人、特技演员、驯兽师、防暴警察、特种兵、战地记者、高空作业人员、脚手架上工作人员、室外安装维修人员、桥梁隧道施工人员、空中杂技人员、文员的被保险人投保。若投保人故意不履行如实告知义务，保险人不承担保险责任且不退还已交保险费；若投保人因重大过失未履行如实告知义务，保险人不承担保险责任，将无息退还投保人所交保险费。

**文件2**：
- **责任免除**：
  - 投保人对被保险人的故意杀害、故意伤害；
  - 被保险人故意犯罪或抗拒依法采取的刑事强制措施；
  - 被保险人故意自伤、或自本合同成立或者本合同效力恢复之日起 2年内自杀，但被保险人自杀时为无民事行为能力人的除外；
  - 被保险人服用、吸食或注射毒品；
  - 被保险人酒后驾驶、无合法有效驾驶证驾驶，或驾驶无合法有效行驶证的机动车；
  - 战争、军事冲突、暴乱或武装叛乱；
  - 核爆炸、核辐射或核污染；
  - 被保险人感染艾滋病病毒或患艾滋病；
  - 遗传性疾病，先天性畸形、变形或染色体异常。

### 具体内容冲突分析

1. **职业分类**：
   - **文件1**：明确列出了不接受的职业范围。
   - **文件2**：未提及职业分类。
   - **结果**：无冲突

2. **投保人故意杀害、故意伤害**：
   - **文件1**：未提及。
   - **文件2**：明确列出。
   - **结果**：无冲突

3. **被保险人故意犯罪或抗拒依法采取的刑事强制措施**：
   - **文件1**：未提及。
   - **文件2**：明确列出。
   - **结果**：无冲突

4. **被保险人故意自伤、或自本合同成立或者本合同效力恢复之日起 2年内自杀**：
   - **文件1**：未提及。
   - **文件2**：明确列出。
   - **结果**：无冲突

5. **被保险人服用、吸食或注射毒品**：
   - **文件1**：未提及。
   - **文件2**：明确列出。
   - **结果**：无冲突

6. **被保险人酒后驾驶、无合法有效驾驶证驾驶，或驾驶无合法有效行驶证的机动车**：
   - **文件1**：未提及。
   - **文件2**：明确列出。
   - **结果**：无冲突

7. **战争、军事冲突、暴乱或武装叛乱**：
   - **文件1**：未提及。
   - **文件2**：明确列出。
   - **结果**：无冲突

8. **核爆炸、核辐射或核污染**：
   - **文件1**：未提及。
   - **文件2**：明确列出。
   - **结果**：无冲突

9. **被保险人感染艾滋病病毒或患艾滋病**：
   - **文件1**：未提及。
   - **文件2**：明确列出。
   - **结果**：无冲突

10. **遗传性疾病，先天性畸形、变形或染色体异常**：
    - **文件1**：未提及。
    - **文件2**：明确列出。
    - **结果**：无冲突

### 最终结论
<result>无冲突</result>
2025-06-22 12:59:21 - text_comparison.py:80 - 0|2 result=### 具体内容冲突分析

#### 职业分类
- **文件1**：明确规定了不接受特定职业的被保险人投保，包括矿工、采石工、采砂工、爆破工、高压电工程设施人员、海洋船员、潜水员、火药炸药制造及处理人、特技演员、驯兽师、防暴警察、特种兵、战地记者、高空作业人员、脚手架上工作人员、室外安装维修人员、桥梁隧道施工人员、空中杂技人员、文员。若投保人故意不履行如实告知义务，保险人不承担保险责任且不退还已交保险费；若投保人因重大过失未履行如实告知义务，保险人不承担保险责任，将无息退还投保人所交保险费。
- **文件2**：未提及具体的职业分类，仅规定如果有任何未如实告知，本公司有权解除合同，对于合同解除前发生的保险事故，不承担赔偿或者给付保险金的责任。

**分析**：
- 文件1详细列出了不接受投保的职业类别，并区分了故意和重大过失的情况下的处理方式。
- 文件2没有具体提及职业分类，但规定了未如实告知的情况下，公司有权解除合同并拒绝赔偿。

**结论**：
- 两份文件在职业分类的具体描述上存在差异，但文件2并未明确排除或包含特定职业，因此在职业分类这一项上不存在明显的冲突。

#### 未如实告知
- **文件1**：若投保人故意不履行如实告知义务，保险人不承担保险责任且不退还已交保险费；若投保人因重大过失未履行如实告知义务，保险人不承担保险责任，将无息退还投保人所交保险费。
- **文件2**：如果有任何未如实告知，本公司有权解除合同，对于合同解除前发生的保险事故，不承担赔偿或者给付保险金的责任。

**分析**：
- 文件1区分了故意和重大过失两种情况，并分别规定了不同的处理方式。
- 文件2则统一规定了未如实告知的情况下，公司有权解除合同并拒绝赔偿。

**结论**：
- 文件1和文件2在未如实告知的处理方式上存在一定的差异，但这些差异并不构成明显的冲突。文件2的规定更为笼统，而文件1则更加详细。在实际操作中，文件1的规定可以视为对文件2的补充和细化。

### 最终结果
<thing>职业分类</thing>
<result>无冲突</result>

<thing>未如实告知</thing>
<result>无冲突</result>
2025-06-22 12:59:57 - text_comparison.py:80 - 0|3 result=### 具体内容冲突分析

#### 1. 职业分类
- **文件1**：明确列出了不接受的职业范围，包括矿工、采石工、采砂工、爆破工、高压电工程设施人员、海洋船员、潜水员、火药炸药制造及处理人、特技演员、驯兽师、防暴警察、特种兵、战地记者、高空作业人员、脚手架上工作人员、室外安装维修人员、桥梁隧道施工人员、空中杂技人员、文员。
- **文件2**：未提及任何职业分类。

**分析**：文件2未涉及职业分类，因此不存在冲突。

#### 2. 故意杀害、故意伤害
- **文件1**：未提及。
- **文件2**：明确列出投保人对被保险人的故意杀害、故意伤害作为责任免除。

**分析**：文件1未涉及此内容，因此不存在冲突。

#### 3. 故意犯罪或抗拒依法采取的刑事强制措施
- **文件1**：未提及。
- **文件2**：明确列出被保险人故意犯罪或抗拒依法采取的刑事强制措施作为责任免除。

**分析**：文件1未涉及此内容，因此不存在冲突。

#### 4. 故意自伤、自杀
- **文件1**：未提及。
- **文件2**：明确列出被保险人故意自伤、或自主险合同成立或者主险合同效力恢复之日起 2 年内自杀（但被保险人自杀时为无民事行为能力人的除外）作为责任免除。

**分析**：文件1未涉及此内容，因此不存在冲突。

#### 5. 服用、吸食或注射毒品
- **文件1**：未提及。
- **文件2**：明确列出被保险人服用、吸食或注射毒品作为责任免除。

**分析**：文件1未涉及此内容，因此不存在冲突。

#### 6. 酒后驾驶、无合法有效驾驶证驾驶，或驾驶无合法有效行驶证的机动车
- **文件1**：未提及。
- **文件2**：明确列出被保险人酒后驾驶、无合法有效驾驶证驾驶，或驾驶无合法有效行驶证的机动车作为责任免除。

**分析**：文件1未涉及此内容，因此不存在冲突。

#### 7. 战争、军事冲突、暴乱或武装叛乱
- **文件1**：未提及。
- **文件2**：明确列出战争、军事冲突、暴乱或武装叛乱作为责任免除。

**分析**：文件1未涉及此内容，因此不存在冲突。

#### 8. 核爆炸、核辐射或核污染
- **文件1**：未提及。
- **文件2**：明确列出核爆炸、核辐射或核污染作为责任免除。

**分析**：文件1未涉及此内容，因此不存在冲突。

#### 9. 感染艾滋病病毒或患艾滋病
- **文件1**：未提及。
- **文件2**：明确列出被保险人感染艾滋病病毒或患艾滋病作为责任免除。

**分析**：文件1未涉及此内容，因此不存在冲突。

#### 10. 遗传性疾病，先天性畸形、变形或染色体异常
- **文件1**：未提及。
- **文件2**：明确列出遗传性疾病，先天性畸形、变形或染色体异常作为责任免除。

**分析**：文件1未涉及此内容，因此不存在冲突。

### 结论
<result>无冲突</result>
2025-06-22 13:00:10 - text_comparison.py:80 - 0|4 result=根据您提供的文件内容，以下是针对“责任免除”的冲突分析：

### 文件1
```
二、职业分类
    本保险不接受职业范围属于矿工、采石工、采砂工、爆破工、高压电工程设施人员、海洋船员、潜水员、火药炸药制造及处理人、特技演员、驯兽师、防暴警察、特种兵、战地记者、高空作业人员、脚手架上工作人员、室外安装维修人员、桥梁隧道施工人员、空中杂技人员、文员的被保险人投保。若投保人故意不履行如实告知义务，保险人不承担保险责任且不退还已交保险费：若投保人因重大过失未履行如实告知义务，保险人不承担保险责任，将无息退还投保人所交保险费。
```

### 文件2
```
（空）
```

### 具体内容冲突分析

1. **职业分类**：
   - **文件1**：详细列出了不接受的职业范围，包括矿工、采石工、采砂工等。
   - **文件2**：未提及任何职业分类。

2. **如实告知义务**：
   - **文件1**：明确规定了投保人故意或重大过失未履行如实告知义务的后果。
   - **文件2**：未提及如实告知义务及其后果。

### 结论
由于文件2未提供任何关于“责任免除”的具体内容，因此无法与文件1中的描述进行对比。根据您的要求，对于某件事物，其中一份文件未明确说明或省略说明时，表示没有冲突。

<thing>职业分类</thing>
<result>无冲突</result>

<thing>如实告知义务</thing>
<result>无冲突</result>
2025-06-22 13:00:36 - text_comparison.py:80 - 0|5 result=### 具体内容冲突分析

#### 职业分类
- **文件1**：明确列出了不接受的职业范围，包括矿工、采石工、采砂工、爆破工、高压电工程设施人员、海洋船员、潜水员、火药炸药制造及处理人、特技演员、驯兽师、防暴警察、特种兵、战地记者、高空作业人员、脚手架上工作人员、室外安装维修人员、桥梁隧道施工人员、空中杂技人员、文员。
- **文件2**：未提及任何职业分类。

<thing>职业分类</thing>
<result>无冲突</result>

#### 故意杀害、故意伤害
- **文件1**：未提及。
- **文件2**：明确指出投保人对被保险人的故意杀害、故意伤害导致的保险事故，本公司不承担保险责任。

<thing>故意杀害、故意伤害</thing>
<result>无冲突</result>

#### 故意犯罪或抗拒依法采取的刑事强制措施
- **文件1**：未提及。
- **文件2**：明确指出被保险人故意犯罪或抗拒依法采取的刑事强制措施导致的保险事故，本公司不承担保险责任。

<thing>故意犯罪或抗拒依法采取的刑事强制措施</thing>
<result>无冲突</result>

#### 故意自伤、自杀
- **文件1**：未提及。
- **文件2**：明确指出被保险人故意自伤或自主险合同成立或者主险合同效力恢复之日起2年内自杀（但被保险人自杀时为无民事行为能力人的除外），本公司不承担保险责任。

<thing>故意自伤、自杀</thing>
<result>无冲突</result>

#### 服用、吸食或注射毒品
- **文件1**：未提及。
- **文件2**：明确指出被保险人服用、吸食或注射毒品导致的保险事故，本公司不承担保险责任。

<thing>服用、吸食或注射毒品</thing>
<result>无冲突</result>

#### 酒后驾驶、无合法有效驾驶证驾驶，或驾驶无合法有效行驶证的机动车
- **文件1**：未提及。
- **文件2**：明确指出被保险人酒后驾驶、无合法有效驾驶证驾驶，或驾驶无合法有效行驶证的机动车导致的保险事故，本公司不承担保险责任。

<thing>酒后驾驶、无合法有效驾驶证驾驶，或驾驶无合法有效行驶证的机动车</thing>
<result>无冲突</result>

#### 战争、军事冲突、暴乱或武装叛乱
- **文件1**：未提及。
- **文件2**：明确指出战争、军事冲突、暴乱或武装叛乱导致的保险事故，本公司不承担保险责任。

<thing>战争、军事冲突、暴乱或武装叛乱</thing>
<result>无冲突</result>

#### 核爆炸、核辐射或核污染
- **文件1**：未提及。
- **文件2**：明确指出核爆炸、核辐射或核污染导致的保险事故，本公司不承担保险责任。

<thing>核爆炸、核辐射或核污染</thing>
<result>无冲突</result>

#### 感染艾滋病病毒或患艾滋病
- **文件1**：未提及。
- **文件2**：明确指出被保险人感染艾滋病病毒或患艾滋病导致的保险事故，本公司不承担保险责任。

<thing>感染艾滋病病毒或患艾滋病</thing>
<result>无冲突</result>

#### 遗传性疾病，先天性畸形、变形或染色体异常
- **文件1**：未提及。
- **文件2**：明确指出遗传性疾病，先天性畸形、变形或染色体异常导致的保险事故，本公司不承担保险责任。

<thing>遗传性疾病，先天性畸形、变形或染色体异常</thing>
<result>无冲突</result>

### 总结
根据上述分析，两份文件在“责任免除”部分的描述和表达不存在明显的相互冲突情况。因此，最终结论如下：

<result>无冲突</result>
2025-06-22 13:01:02 - text_comparison.py:80 - 0|6 result=### 冲突分析

#### 1. 职业分类
- **文件1**：明确列出了不接受的职业范围，包括矿工、采石工、采砂工、爆破工、高压电工程设施人员、海洋船员、潜水员、火药炸药制造及处理人、特技演员、驯兽师、防暴警察、特种兵、战地记者、高空作业人员、脚手架上工作人员、室外安装维修人员、桥梁隧道施工人员、空中杂技人员、文员。
- **文件2**：未提及任何职业分类。

**分析**：文件2未涉及职业分类，因此不存在冲突。

#### 2. 故意杀害、故意伤害
- **文件1**：未提及。
- **文件2**：明确列出投保人对被保险人的故意杀害、故意伤害作为责任免除。

**分析**：文件1未涉及此内容，因此不存在冲突。

#### 3. 故意犯罪或抗拒依法采取的刑事强制措施
- **文件1**：未提及。
- **文件2**：明确列出被保险人故意犯罪或抗拒依法采取的刑事强制措施作为责任免除。

**分析**：文件1未涉及此内容，因此不存在冲突。

#### 4. 故意自伤、自杀
- **文件1**：未提及。
- **文件2**：明确列出被保险人故意自伤、或自保险合同成立或者保险合同效力恢复之日起 2 年内自杀，但被保险人自杀时为无民事行为能力人的除外，作为责任免除。

**分析**：文件1未涉及此内容，因此不存在冲突。

#### 5. 服用、吸食或注射毒品
- **文件1**：未提及。
- **文件2**：明确列出被保险人服用、吸食或注射毒品作为责任免除。

**分析**：文件1未涉及此内容，因此不存在冲突。

#### 6. 酒后驾驶、无合法有效驾驶证驾驶，或驾驶无合法有效行驶证的机动车
- **文件1**：未提及。
- **文件2**：明确列出被保险人酒后驾驶、无合法有效驾驶证驾驶，或驾驶无合法有效行驶证的机动车作为责任免除。

**分析**：文件1未涉及此内容，因此不存在冲突。

#### 7. 战争、军事冲突、暴乱或武装叛乱
- **文件1**：未提及。
- **文件2**：明确列出战争、军事冲突、暴乱或武装叛乱作为责任免除。

**分析**：文件1未涉及此内容，因此不存在冲突。

#### 8. 核爆炸、核辐射或核污染
- **文件1**：未提及。
- **文件2**：明确列出核爆炸、核辐射或核污染作为责任免除。

**分析**：文件1未涉及此内容，因此不存在冲突。

#### 9. 感染艾滋病病毒或患艾滋病
- **文件1**：未提及。
- **文件2**：明确列出被保险人感染艾滋病病毒或患艾滋病作为责任免除。

**分析**：文件1未涉及此内容，因此不存在冲突。

#### 10. 遗传性疾病，先天性畸形、变形或染色体异常
- **文件1**：未提及。
- **文件2**：明确列出遗传性疾病，先天性畸形、变形或染色体异常作为责任免除。

**分析**：文件1未涉及此内容，因此不存在冲突。

### 结论
<result>无冲突</result>
2025-06-22 13:01:39 - text_comparison.py:80 - 1|2 result=### 具体内容冲突分析

#### 1. 投保人对被保险人的故意杀害、故意伤害
- **文件1**：因投保人对被保险人的故意杀害、故意伤害导致被保险人发生保险事故的，不承担保险责任。若因上述第一项情形导致被保险人身故的，本合同终止，已交足 2 年以上保险费的，向投保人之外的被保险人的其他继承人退还本合同终止时的现金价值。
- **文件2**：未提及此情形。

<thing>投保人对被保险人的故意杀害、故意伤害</thing>
<result>无冲突</result>

#### 2. 被保险人故意犯罪或抗拒依法采取的刑事强制措施
- **文件1**：因被保险人故意犯罪或抗拒依法采取的刑事强制措施导致被保险人发生保险事故的，不承担保险责任。若因上述第二至第九项情形导致被保险人身患轻度疾病、中度疾病或重度疾病的，本合同终止，向投保人退还本合同终止时的现金价值。
- **文件2**：未提及此情形。

<thing>被保险人故意犯罪或抗拒依法采取的刑事强制措施</thing>
<result>无冲突</result>

#### 3. 被保险人故意自伤、或自本合同成立或者本合同效力恢复之日起 2 年内自杀
- **文件1**：因被保险人故意自伤、或自本合同成立或者本合同效力恢复之日起 2 年内自杀（但被保险人自杀时为无民事行为能力人的除外）导致被保险人发生保险事故的，不承担保险责任。若因上述第二至第九项情形导致被保险人身患轻度疾病、中度疾病或重度疾病的，本合同终止，向投保人退还本合同终止时的现金价值。
- **文件2**：未提及此情形。

<thing>被保险人故意自伤、或自本合同成立或者本合同效力恢复之日起 2 年内自杀</thing>
<result>无冲突</result>

#### 4. 被保险人服用、吸食或注射毒品
- **文件1**：因被保险人服用、吸食或注射毒品导致被保险人发生保险事故的，不承担保险责任。若因上述第二至第九项情形导致被保险人身患轻度疾病、中度疾病或重度疾病的，本合同终止，向投保人退还本合同终止时的现金价值。
- **文件2**：未提及此情形。

<thing>被保险人服用、吸食或注射毒品</thing>
<result>无冲突</result>

#### 5. 被保险人酒后驾驶、无合法有效驾驶证驾驶，或驾驶无合法有效行驶证的机动车
- **文件1**：因被保险人酒后驾驶、无合法有效驾驶证驾驶，或驾驶无合法有效行驶证的机动车导致被保险人发生保险事故的，不承担保险责任。若因上述第二至第九项情形导致被保险人身患轻度疾病、中度疾病或重度疾病的，本合同终止，向投保人退还本合同终止时的现金价值。
- **文件2**：未提及此情形。

<thing>被保险人酒后驾驶、无合法有效驾驶证驾驶，或驾驶无合法有效行驶证的机动车</thing>
<result>无冲突</result>

#### 6. 战争、军事冲突、暴乱或武装叛乱
- **文件1**：因战争、军事冲突、暴乱或武装叛乱导致被保险人发生保险事故的，不承担保险责任。若因上述第二至第九项情形导致被保险人身患轻度疾病、中度疾病或重度疾病的，本合同终止，向投保人退还本合同终止时的现金价值。
- **文件2**：未提及此情形。

<thing>战争、军事冲突、暴乱或武装叛乱</thing>
<result>无冲突</result>

#### 7. 核爆炸、核辐射或核污染
- **文件1**：因核爆炸、核辐射或核污染导致被保险人发生保险事故的，不承担保险责任。若因上述第二至第九项情形导致被保险人身患轻度疾病、中度疾病或重度疾病的，本合同终止，向投保人退还本合同终止时的现金价值。
- **文件2**：未提及此情形。

<thing>核爆炸、核辐射或核污染</thing>
<result>无冲突</result>

#### 8. 被保险人感染艾滋病病毒或患艾滋病
- **文件1**：因被保险人感染艾滋病病毒或患艾滋病导致被保险人发生保险事故的，不承担保险责任。若因上述第二至第九项情形导致被保险人身患轻度疾病、中度疾病或重度疾病的，本合同终止，向投保人退还本合同终止时的现金价值。
- **文件2**：未提及此情形。

<thing>被保险人感染艾滋病病毒或患艾滋病</thing>
<result>无冲突</result>

#### 9. 遗传性疾病，先天性畸形、变形或染色体异常
- **文件1**：因遗传性疾病，先天性畸形、变形或染色体异常导致被保险人发生保险事故的，不承担保险责任。若因上述第二至第九项情形导致被保险人身患轻度疾病、中度疾病或重度疾病的，本合同终止，向投保人退还本合同终止时的现金价值。
- **文件2**：未提及此情形。

<thing>遗传性疾病，先天性畸形、变形或染色体异常</thing>
<result>无冲突</result>

#### 10. 未如实告知
- **文件1**：未提及此情形。
- **文件2**：如果有任何未如实告知，本公司有权解除合同，对于合同解除前发生的保险事故，不承担赔偿或者给付保险金的责任。

<thing>未如实告知</thing>
<result>无冲突</result>

### 总结
根据上述分析，两份文件在“责任免除”部分的描述中没有明显的冲突。文件2中提到的“未如实告知”情形在文件1中未提及，但这并不构成冲突，因为文件1未明确说明或省略说明的部分不需要进行比较。因此，两份文件在“责任免除”部分是无冲突的。
2025-06-22 13:02:39 - text_comparison.py:80 - 1|3 result=### 具体的内容冲突分析

#### 1. 投保人对被保险人的故意杀害、故意伤害
- **文件1**：因上述第一项情形导致被保险人身患轻度疾病、中度疾病或重度疾病的，本合同终止，您已交足 2 年以上保险费的，我们向被保险人退还本合同终止时的现金价值。若您选择的本合同的保险期间为终身且附加了指定附加两全型保险合同，则自指定附加两全型保险合同保险期间届满日次日零时起，因上述第一项情形导致被保险人身故的，本合同终止，您已交足 2 年以上保险费的，我们向投保人之外的被保险人的其他继承人退还本合同终止时的现金价值。
- **文件2**：因上述第一项情形导致被保险人身患轻度疾病、中度疾病或重度疾病的，主险合同终止，您已交足 2 年以上保险费的，本公司向被保险人退还主险合同终止时的现金价值。若您选择的主险合同的保险期间为终身且附加了附加险合同，则自附加险合同保险期间届满日次日零时起，因上述第一项情形导致被保险人身故的，主险合同终止，您已交足 2 年以上保险费的，本公司向投保人之外的被保险人的其他继承人退还主险合同终止时的现金价值。

**分析**：两份文件在这一条款上的描述完全一致，没有冲突。

#### 2. 被保险人故意犯罪或抗拒依法采取的刑事强制措施
- **文件1**：因上述第二至第九项情形导致被保险人身患轻度疾病、中度疾病或重度疾病的，本合同终止，我们向您退还本合同终止时的现金价值。若您选择的本合同的保险期间为终身且附加了指定附加两全型保险合同，则自指定附加两全型保险合同保险期间届满日次日零时起，因上述第二至第九项情形导致被保险人身故的，本合同终止，我们向您退还本合同终止时的现金价值。
- **文件2**：因上述第二至第九项情形导致被保险人身患轻度疾病、中度疾病或重度疾病的，主险合同终止，本公司向您退还主险合同终止时的现金价值。若您选择的主险合同的保险期间为终身且附加了附加险合同，则自附加险合同保险期间届满日次日零时起，因上述第二至第九项情形导致被保险人身故的，主险合同终止，本公司向您退还主险合同终止时的现金价值。

**分析**：两份文件在这一条款上的描述完全一致，没有冲突。

#### 3. 被保险人故意自伤、或自本合同成立或者本合同效力恢复之日起 2 年内自杀，但被保险人自杀时为无民事行为能力人的除外
- **文件1**：因上述第三项情形导致被保险人身患轻度疾病、中度疾病或重度疾病的，本合同终止，我们向您退还本合同终止时的现金价值。若您选择的本合同的保险期间为终身且附加了指定附加两全型保险合同，则自指定附加两全型保险合同保险期间届满日次日零时起，因上述第三项情形导致被保险人身故的，本合同终止，我们向您退还本合同终止时的现金价值。
- **文件2**：因上述第三项情形导致被保险人身患轻度疾病、中度疾病或重度疾病的，主险合同终止，本公司向您退还主险合同终止时的现金价值。若您选择的主险合同的保险期间为终身且附加了附加险合同，则自附加险合同保险期间届满日次日零时起，因上述第三项情形导致被保险人身故的，主险合同终止，本公司向您退还主险合同终止时的现金价值。

**分析**：两份文件在这一条款上的描述完全一致，没有冲突。

#### 4. 被保险人服用、吸食或注射毒品
- **文件1**：因上述第四项情形导致被保险人身患轻度疾病、中度疾病或重度疾病的，本合同终止，我们向您退还本合同终止时的现金价值。若您选择的本合同的保险期间为终身且附加了指定附加两全型保险合同，则自指定附加两全型保险合同保险期间届满日次日零时起，因上述第四项情形导致被保险人身故的，本合同终止，我们向您退还本合同终止时的现金价值。
- **文件2**：因上述第四项情形导致被保险人身患轻度疾病、中度疾病或重度疾病的，主险合同终止，本公司向您退还主险合同终止时的现金价值。若您选择的主险合同的保险期间为终身且附加了附加险合同，则自附加险合同保险期间届满日次日零时起，因上述第四项情形导致被保险人身故的，主险合同终止，本公司向您退还主险合同终止时的现金价值。

**分析**：两份文件在这一条款上的描述完全一致，没有冲突。

#### 5. 被保险人酒后驾驶、无合法有效驾驶证驾驶，或驾驶无合法有效行驶证的机动车
- **文件1**：因上述第五项情形导致被保险人身患轻度疾病、中度疾病或重度疾病的，本合同终止，我们向您退还本合同终止时的现金价值。若您选择的本合同的保险期间为终身且附加了指定附加两全型保险合同，则自指定附加两全型保险合同保险期间届满日次日零时起，因上述第五项情形导致被保险人身故的，本合同终止，我们向您退还本合同终止时的现金价值。
- **文件2**：因上述第五项情形导致被保险人身患轻度疾病、中度疾病或重度疾病的，主险合同终止，本公司向您退还主险合同终止时的现金价值。若您选择的主险合同的保险期间为终身且附加了附加险合同，则自附加险合同保险期间届满日次日零时起，因上述第五项情形导致被保险人身故的，主险合同终止，本公司向您退还主险合同终止时的现金价值。

**分析**：两份文件在这一条款上的描述完全一致，没有冲突。

#### 6. 战争、军事冲突、暴乱或武装叛乱
- **文件1**：因上述第六项情形导致被保险人身患轻度疾病、中度疾病或重度疾病的，本合同终止，我们向您退还本合同终止时的现金价值。若您选择的本合同的保险期间为终身且附加了指定附加两全型保险合同，则自指定附加两全型保险合同保险期间届满日次日零时起，因上述第六项情形导致被保险人身故的，本合同终止，我们向您退还本合同终止时的现金价值。
- **文件2**：因上述第六项情形导致被保险人身患轻度疾病、中度疾病或重度疾病的，主险合同终止，本公司向您退还主险合同终止时的现金价值。若您选择的主险合同的保险期间为终身且附加了附加险合同，则自附加险合同保险期间届满日次日零时起，因上述第六项情形导致被保险人身故的，主险合同终止，本公司向您退还主险合同终止时的现金价值。

**分析**：两份文件在这一条款上的描述完全一致，没有冲突。

#### 7. 核爆炸、核辐射或核污染
- **文件1**：因上述第七项情形导致被保险人身患轻度疾病、中度疾病或重度疾病的，本合同终止，我们向您退还本合同终止时的现金价值。若您选择的本合同的保险期间为终身且附加了指定附加两全型保险合同，则自指定附加两全型保险合同保险期间届满日次日零时起，因上述第七项情形导致被保险人身故的，本合同终止，我们向您退还本合同终止时的现金价值。
- **文件2**：因上述第七项情形导致被保险人身患轻度疾病、中度疾病或重度疾病的，主险合同终止，本公司向您退还主险合同终止时的现金价值。若您选择的主险合同的保险期间为终身且附加了附加险合同，则自附加险合同保险期间届满日次日零时起，因上述第七项情形导致被保险人身故的，主险合同终止，本公司向您退还主险合同终止时的现金价值。

**分析**：两份文件在这一条款上的描述完全一致，没有冲突。

#### 8. 被保险人感染艾滋病病毒或患艾滋病
- **文件1**：因上述第八项情形导致被保险人身患轻度疾病、中度疾病或重度疾病的，本合同终止，我们向您退还本合同终止时的现金价值。若您选择的本合同的保险期间为终身且附加了指定附加两全型保险合同，则自指定附加两全型保险合同保险期间届满日次日零时起，因上述第八项情形导致被保险人身故的，本合同终止，我们向您退还本合同终止时的现金价值。
- **文件2**：因上述第八项情形导致被保险人身患轻度疾病、中度疾病或重度疾病的，主险合同终止，本公司向您退还主险合同终止时的现金价值。若您选择的主险合同的保险期间为终身且附加了附加险合同，则自附加险合同保险期间届满日次日零时起，因上述第八项情形导致被保险人身故的，主险合同终止，本公司向您退还主险合同终止时的现金价值。

**分析**：两份文件在这一条款上的描述完全一致，没有冲突。

#### 9. 遗传性疾病，先天性畸形、变形或染色体异常
- **文件1**：因上述第九项情形导致被保险人身患轻度疾病、中度疾病或重度疾病的，本合同终止，我们向您退还本合同终止时的现金价值。若您选择的本合同的保险期间为终身且附加了指定附加两全型保险合同，则自指定附加两全型保险合同保险期间届满日次日零时起，因上述第九项情形导致被保险人身故的，本合同终止，我们向您退还本合同终止时的现金价值。
- **文件2**：因上述第九项情形导致被保险人身患轻度疾病、中度疾病或重度疾病的，主险合同终止，本公司向您退还主险合同终止时的现金价值。若您选择的主险合同的保险期间为终身且附加了附加险合同，则自附加险合同保险期间届满日次日零时起，因上述第九项情形导致被保险人身故的，主险合同终止，本公司向您退还主险合同终止时的现金价值。

**分析**：两份文件在这一条款上的描述完全一致，没有冲突。

### 结论
<result>无冲突</result>
2025-06-22 13:03:25 - text_comparison.py:80 - 1|4 result=为了进行严谨的冲突分析，我们需要逐条对比两份文件中的“责任免除”条款。以下是详细的分析：

### 文件1
1. 投保人对被保险人的故意杀害、故意伤害；
2. 被保险人故意犯罪或抗拒依法采取的刑事强制措施；
3. 被保险人故意自伤、或自本合同成立或者本合同效力恢复之日起 2年内自杀，但被保险人自杀时为无民事行为能力人的除外；
4. 被保险人服用、吸食或注射毒品；
5. 被保险人酒后驾驶、无合法有效驾驶证驾驶，或驾驶无合法有效行驶证的机动车；
6. 战争、军事冲突、暴乱或武装叛乱；
7. 核爆炸、核辐射或核污染；
8. 被保险人感染艾滋病病毒或患艾滋病；
9. 遗传性疾病，先天性畸形、变形或染色体异常。

### 文件2
1. 投保人对被保险人的故意杀害、故意伤害；
2. 被保险人故意犯罪或者抗拒依法采取的刑事强制措施；
3. 被保险人故意自伤、或自本合同成立或者合同效力恢复之日起 2 年内自杀，但被保险人自杀时为无民事行为能力人的除外；
4. 被保险人服用、吸食或注射毒品；
5. 被保险人酒后驾驶、无合法有效驾驶证驾驶，或驾驶无合法有效行驶证的机动车；
6. 战争、军事冲突、暴乱或武装叛乱；
7. 核爆炸、核辐射或核污染。

### 具体内容冲突分析

#### 1. 投保人对被保险人的故意杀害、故意伤害
- **文件1**：因上述第一项情形导致被保险人身患轻度疾病、中度疾病或重度疾病的，本合同终止，您已交足 2 年以上保险费的，我们向被保险人退还本合同终止时的现金价值。
- **文件2**：若因上述第一项情形导致被保险人身故的，本附加合同终止，您已交足 2 年以上保险费的，我们向投保人之外的被保险人的其他继承人退还本附加合同终止时的现金价值。

**分析**：文件1提到的是被保险人因上述情形身患轻度疾病、中度疾病或重度疾病的情况，而文件2提到的是被保险人因上述情形身故的情况。两者描述的情景不同，因此不存在冲突。

#### 2. 被保险人故意犯罪或抗拒依法采取的刑事强制措施
- **文件1**：因上述第二至第九项情形导致被保险人身患轻度疾病、中度疾病或重度疾病的，本合同终止，我们向您退还本合同终止时的现金价值。
- **文件2**：若因上述其他情形导致被保险人身故的，本附加合同终止，我们向您退还本附加合同终止时的现金价值。

**分析**：文件1提到的是被保险人因上述情形身患轻度疾病、中度疾病或重度疾病的情况，而文件2提到的是被保险人因上述情形身故的情况。两者描述的情景不同，因此不存在冲突。

#### 3. 被保险人故意自伤、或自本合同成立或者本合同效力恢复之日起 2年内自杀，但被保险人自杀时为无民事行为能力人的除外
- **文件1**：因上述第二至第九项情形导致被保险人身患轻度疾病、中度疾病或重度疾病的，本合同终止，我们向您退还本合同终止时的现金价值。
- **文件2**：若因上述其他情形导致被保险人身故的，本附加合同终止，我们向您退还本附加合同终止时的现金价值。

**分析**：文件1提到的是被保险人因上述情形身患轻度疾病、中度疾病或重度疾病的情况，而文件2提到的是被保险人因上述情形身故的情况。两者描述的情景不同，因此不存在冲突。

#### 4. 被保险人服用、吸食或注射毒品
- **文件1**：因上述第二至第九项情形导致被保险人身患轻度疾病、中度疾病或重度疾病的，本合同终止，我们向您退还本合同终止时的现金价值。
- **文件2**：若因上述其他情形导致被保险人身故的，本附加合同终止，我们向您退还本附加合同终止时的现金价值。

**分析**：文件1提到的是被保险人因上述情形身患轻度疾病、中度疾病或重度疾病的情况，而文件2提到的是被保险人因上述情形身故的情况。两者描述的情景不同，因此不存在冲突。

#### 5. 被保险人酒后驾驶、无合法有效驾驶证驾驶，或驾驶无合法有效行驶证的机动车
- **文件1**：因上述第二至第九项情形导致被保险人身患轻度疾病、中度疾病或重度疾病的，本合同终止，我们向您退还本合同终止时的现金价值。
- **文件2**：若因上述其他情形导致被保险人身故的，本附加合同终止，我们向您退还本附加合同终止时的现金价值。

**分析**：文件1提到的是被保险人因上述情形身患轻度疾病、中度疾病或重度疾病的情况，而文件2提到的是被保险人因上述情形身故的情况。两者描述的情景不同，因此不存在冲突。

#### 6. 战争、军事冲突、暴乱或武装叛乱
- **文件1**：因上述第二至第九项情形导致被保险人身患轻度疾病、中度疾病或重度疾病的，本合同终止，我们向您退还本合同终止时的现金价值。
- **文件2**：若因上述其他情形导致被保险人身故的，本附加合同终止，我们向您退还本附加合同终止时的现金价值。

**分析**：文件1提到的是被保险人因上述情形身患轻度疾病、中度疾病或重度疾病的情况，而文件2提到的是被保险人因上述情形身故的情况。两者描述的情景不同，因此不存在冲突。

#### 7. 核爆炸、核辐射或核污染
- **文件1**：因上述第二至第九项情形导致被保险人身患轻度疾病、中度疾病或重度疾病的，本合同终止，我们向您退还本合同终止时的现金价值。
- **文件2**：若因上述其他情形导致被保险人身故的，本附加合同终止，我们向您退还本附加合同终止时的现金价值。

**分析**：文件1提到的是被保险人因上述情形身患轻度疾病、中度疾病或重度疾病的情况，而文件2提到的是被保险人因上述情形身故的情况。两者描述的情景不同，因此不存在冲突。

### 结论
<thing>所有提到的免责事项在两份文件中描述的情景不同，文件1主要涉及被保险人因上述情形身患轻度疾病、中度疾病或重度疾病的情况，而文件2主要涉及被保险人因上述情形身故的情况。</thing>
<result>无冲突</result>
2025-06-22 13:03:44 - text_comparison.py:80 - 1|5 result=### 具体内容冲突分析

#### 1. 自杀时间限制
- **文件1**：被保险人故意自伤、或自本合同成立或者本合同效力恢复之日起 2 年内自杀，但被保险人自杀时为无民事行为能力人的除外。
- **文件2**：被保险人故意自伤、或自主险合同成立或者主险合同效力恢复之日起 1 年内自杀，但被保险人自杀时为无民事行为能力人的除外。

**分析**：文件1中规定的是2年内的自杀，而文件2中规定的是1年内的自杀。这表明在1年至2年的时间段内，文件1不承担保险责任，而文件2则承担保险责任。

**结果**：有冲突

#### 2. 保险期间为终身且附加了指定附加两全型保险合同的情况
- **文件1**：
  - 因上述第一项情形导致被保险人身故的，本合同终止，您已交足 2 年以上保险费的，我们向投保人之外的被保险人的其他继承人退还本合同终止时的现金价值。
  - 因上述第二至第九项情形导致被保险人身故的，本合同终止，我们向您退还本合同终止时的现金价值。
- **文件2**：
  - 因上述第一项情形导致被保险人身故的，附加险合同终止，您已交足 2 年以上保险费的，本公司向投保人之外的被保险人的其他继承人退还附加险合同终止时的现金价值。
  - 因上述其他情形导致被保险人身故的，附加险合同终止，本公司向您退还附加险合同终止时的现金价值。

**分析**：两份文件在保险期间为终身且附加了指定附加两全型保险合同的情况下，对于不同情形下的现金价值退还方式是一致的，没有明显的冲突。

**结果**：无冲突

### 总结
- **自杀时间限制**：有冲突
- **保险期间为终身且附加了指定附加两全型保险合同的情况**：无冲突

**最终结论**：有冲突
2025-06-22 13:05:01 - text_comparison.py:80 - 1|6 result=### 具体内容冲突分析

#### 1. 投保人对被保险人的故意杀害、故意伤害
- **文件1**：因上述第一项情形导致被保险人身患轻度疾病、中度疾病或重度疾病的，本合同终止，您已交足 2 年以上保险费的，我们向被保险人退还本合同终止时的现金价值。若您选择的本合同的保险期间为终身且附加了指定附加两全型保险合同，则自指定附加两全型保险合同保险期间届满日次日零时起，因上述第一项情形导致被保险人身故的，本合同终止，您已交足 2 年以上保险费的，我们向投保人之外的被保险人的其他继承人退还本合同终止时的现金价值。
- **文件2**：因上述第一项情形导致被保险人身患轻度疾病、中度疾病或重度疾病的，保险合同终止，您已交足 2 年以上保险费的，我们向被保险人退还保险合同终止时的现金价值。若您选择的保险合同的保险期间为终身且附加了指定附加两全型保险合同，则自指定附加两全型保险合同保险期间届满日次日零时起，因上述第一项情形导致被保险人身故的，保险合同终止，您已交足 2 年以上保险费的，我们向投保人之外的被保险人的其他继承人退还保险合同终止时的现金价值。

**分析**：两份文件在这一条款上的描述完全一致，没有冲突。

#### 2. 被保险人故意犯罪或抗拒依法采取的刑事强制措施
- **文件1**：因上述第二至第九项情形导致被保险人身患轻度疾病、中度疾病或重度疾病的，本合同终止，我们向您退还本合同终止时的现金价值。若您选择的本合同的保险期间为终身且附加了指定附加两全型保险合同，则自指定附加两全型保险合同保险期间届满日次日零时起，因上述第二至第九项情形导致被保险人身故的，本合同终止，我们向您退还本合同终止时的现金价值。
- **文件2**：因上述第二至第九项情形导致被保险人身患轻度疾病、中度疾病或重度疾病的，保险合同终止，我们向您退还保险合同终止时的现金价值。若您选择的保险合同的保险期间为终身且附加了指定附加两全型保险合同，则自指定附加两全型保险合同保险期间届满日次日零时起，因上述第二至第九项情形导致被保险人身故的，保险合同终止，我们向您退还保险合同终止时的现金价值。

**分析**：两份文件在这一条款上的描述完全一致，没有冲突。

#### 3. 被保险人故意自伤、或自本合同成立或者本合同效力恢复之日起 2 年内自杀，但被保险人自杀时为无民事行为能力人的除外
- **文件1**：因上述第三项情形导致被保险人身患轻度疾病、中度疾病或重度疾病的，本合同终止，我们向您退还本合同终止时的现金价值。若您选择的本合同的保险期间为终身且附加了指定附加两全型保险合同，则自指定附加两全型保险合同保险期间届满日次日零时起，因上述第三项情形导致被保险人身故的，本合同终止，我们向您退还本合同终止时的现金价值。
- **文件2**：因上述第三项情形导致被保险人身患轻度疾病、中度疾病或重度疾病的，保险合同终止，我们向您退还保险合同终止时的现金价值。若您选择的保险合同的保险期间为终身且附加了指定附加两全型保险合同，则自指定附加两全型保险合同保险期间届满日次日零时起，因上述第三项情形导致被保险人身故的，保险合同终止，我们向您退还保险合同终止时的现金价值。

**分析**：两份文件在这一条款上的描述完全一致，没有冲突。

#### 4. 被保险人服用、吸食或注射毒品
- **文件1**：因上述第四项情形导致被保险人身患轻度疾病、中度疾病或重度疾病的，本合同终止，我们向您退还本合同终止时的现金价值。若您选择的本合同的保险期间为终身且附加了指定附加两全型保险合同，则自指定附加两全型保险合同保险期间届满日次日零时起，因上述第四项情形导致被保险人身故的，本合同终止，我们向您退还本合同终止时的现金价值。
- **文件2**：因上述第四项情形导致被保险人身患轻度疾病、中度疾病或重度疾病的，保险合同终止，我们向您退还保险合同终止时的现金价值。若您选择的保险合同的保险期间为终身且附加了指定附加两全型保险合同，则自指定附加两全型保险合同保险期间届满日次日零时起，因上述第四项情形导致被保险人身故的，保险合同终止，我们向您退还保险合同终止时的现金价值。

**分析**：两份文件在这一条款上的描述完全一致，没有冲突。

#### 5. 被保险人酒后驾驶、无合法有效驾驶证驾驶，或驾驶无合法有效行驶证的机动车
- **文件1**：因上述第五项情形导致被保险人身患轻度疾病、中度疾病或重度疾病的，本合同终止，我们向您退还本合同终止时的现金价值。若您选择的本合同的保险期间为终身且附加了指定附加两全型保险合同，则自指定附加两全型保险合同保险期间届满日次日零时起，因上述第五项情形导致被保险人身故的，本合同终止，我们向您退还本合同终止时的现金价值。
- **文件2**：因上述第五项情形导致被保险人身患轻度疾病、中度疾病或重度疾病的，保险合同终止，我们向您退还保险合同终止时的现金价值。若您选择的保险合同的保险期间为终身且附加了指定附加两全型保险合同，则自指定附加两全型保险合同保险期间届满日次日零时起，因上述第五项情形导致被保险人身故的，保险合同终止，我们向您退还保险合同终止时的现金价值。

**分析**：两份文件在这一条款上的描述完全一致，没有冲突。

#### 6. 战争、军事冲突、暴乱或武装叛乱
- **文件1**：因上述第六项情形导致被保险人身患轻度疾病、中度疾病或重度疾病的，本合同终止，我们向您退还本合同终止时的现金价值。若您选择的本合同的保险期间为终身且附加了指定附加两全型保险合同，则自指定附加两全型保险合同保险期间届满日次日零时起，因上述第六项情形导致被保险人身故的，本合同终止，我们向您退还本合同终止时的现金价值。
- **文件2**：因上述第六项情形导致被保险人身患轻度疾病、中度疾病或重度疾病的，保险合同终止，我们向您退还保险合同终止时的现金价值。若您选择的保险合同的保险期间为终身且附加了指定附加两全型保险合同，则自指定附加两全型保险合同保险期间届满日次日零时起，因上述第六项情形导致被保险人身故的，保险合同终止，我们向您退还保险合同终止时的现金价值。

**分析**：两份文件在这一条款上的描述完全一致，没有冲突。

#### 7. 核爆炸、核辐射或核污染
- **文件1**：因上述第七项情形导致被保险人身患轻度疾病、中度疾病或重度疾病的，本合同终止，我们向您退还本合同终止时的现金价值。若您选择的本合同的保险期间为终身且附加了指定附加两全型保险合同，则自指定附加两全型保险合同保险期间届满日次日零时起，因上述第七项情形导致被保险人身故的，本合同终止，我们向您退还本合同终止时的现金价值。
- **文件2**：因上述第七项情形导致被保险人身患轻度疾病、中度疾病或重度疾病的，保险合同终止，我们向您退还保险合同终止时的现金价值。若您选择的保险合同的保险期间为终身且附加了指定附加两全型保险合同，则自指定附加两全型保险合同保险期间届满日次日零时起，因上述第七项情形导致被保险人身故的，保险合同终止，我们向您退还保险合同终止时的现金价值。

**分析**：两份文件在这一条款上的描述完全一致，没有冲突。

#### 8. 被保险人感染艾滋病病毒或患艾滋病
- **文件1**：因上述第八项情形导致被保险人身患轻度疾病、中度疾病或重度疾病的，本合同终止，我们向您退还本合同终止时的现金价值。若您选择的本合同的保险期间为终身且附加了指定附加两全型保险合同，则自指定附加两全型保险合同保险期间届满日次日零时起，因上述第八项情形导致被保险人身故的，本合同终止，我们向您退还本合同终止时的现金价值。
- **文件2**：因上述第八项情形导致被保险人身患轻度疾病、中度疾病或重度疾病的，保险合同终止，我们向您退还保险合同终止时的现金价值。若您选择的保险合同的保险期间为终身且附加了指定附加两全型保险合同，则自指定附加两全型保险合同保险期间届满日次日零时起，因上述第八项情形导致被保险人身故的，保险合同终止，我们向您退还保险合同终止时的现金价值。

**分析**：两份文件在这一条款上的描述完全一致，没有冲突。

#### 9. 遗传性疾病，先天性畸形、变形或染色体异常
- **文件1**：因上述第九项情形导致被保险人身患轻度疾病、中度疾病或重度疾病的，本合同终止，我们向您退还本合同终止时的现金价值。若您选择的本合同的保险期间为终身且附加了指定附加两全型保险合同，则自指定附加两全型保险合同保险期间届满日次日零时起，因上述第九项情形导致被保险人身故的，本合同终止，我们向您退还本合同终止时的现金价值。
- **文件2**：因上述第九项情形导致被保险人身患轻度疾病、中度疾病或重度疾病的，保险合同终止，我们向您退还保险合同终止时的现金价值。若您选择的保险合同的保险期间为终身且附加了指定附加两全型保险合同，则自指定附加两全型保险合同保险期间届满日次日零时起，因上述第九项情形导致被保险人身故的，保险合同终止，我们向您退还保险合同终止时的现金价值。

**分析**：两份文件在这一条款上的描述完全一致，没有冲突。

### 结论
<result>无冲突</result>
2025-06-22 13:05:27 - text_comparison.py:80 - 2|3 result=### 分析结果

#### 1. 未如实告知
- **文件1**：如果有任何未如实告知，本公司有权解除合同，对于合同解除前发生的保险事故，不承担赔偿或者给付保险金的责任。
- **文件2**：未提及未如实告知的情况。

<thing>未如实告知</thing>
<result>无冲突</result>

#### 2. 投保人对被保险人的故意杀害、故意伤害
- **文件1**：未提及。
- **文件2**：因投保人对被保险人的故意杀害、故意伤害导致被保险人发生保险事故的，本公司不承担保险责任。

<thing>投保人对被保险人的故意杀害、故意伤害</thing>
<result>无冲突</result>

#### 3. 被保险人故意犯罪或抗拒依法采取的刑事强制措施
- **文件1**：未提及。
- **文件2**：因被保险人故意犯罪或抗拒依法采取的刑事强制措施导致被保险人发生保险事故的，本公司不承担保险责任。

<thing>被保险人故意犯罪或抗拒依法采取的刑事强制措施</thing>
<result>无冲突</result>

#### 4. 被保险人故意自伤、或自主险合同成立或者主险合同效力恢复之日起 2 年内自杀
- **文件1**：未提及。
- **文件2**：因被保险人故意自伤、或自主险合同成立或者主险合同效力恢复之日起 2 年内自杀（但被保险人自杀时为无民事行为能力人的除外）导致被保险人发生保险事故的，本公司不承担保险责任。

<thing>被保险人故意自伤、或自主险合同成立或者主险合同效力恢复之日起 2 年内自杀</thing>
<result>无冲突</result>

#### 5. 被保险人服用、吸食或注射毒品
- **文件1**：未提及。
- **文件2**：因被保险人服用、吸食或注射毒品导致被保险人发生保险事故的，本公司不承担保险责任。

<thing>被保险人服用、吸食或注射毒品</thing>
<result>无冲突</result>

#### 6. 被保险人酒后驾驶、无合法有效驾驶证驾驶，或驾驶无合法有效行驶证的机动车
- **文件1**：未提及。
- **文件2**：因被保险人酒后驾驶、无合法有效驾驶证驾驶，或驾驶无合法有效行驶证的机动车导致被保险人发生保险事故的，本公司不承担保险责任。

<thing>被保险人酒后驾驶、无合法有效驾驶证驾驶，或驾驶无合法有效行驶证的机动车</thing>
<result>无冲突</result>

#### 7. 战争、军事冲突、暴乱或武装叛乱
- **文件1**：未提及。
- **文件2**：因战争、军事冲突、暴乱或武装叛乱导致被保险人发生保险事故的，本公司不承担保险责任。

<thing>战争、军事冲突、暴乱或武装叛乱</thing>
<result>无冲突</result>

#### 8. 核爆炸、核辐射或核污染
- **文件1**：未提及。
- **文件2**：因核爆炸、核辐射或核污染导致被保险人发生保险事故的，本公司不承担保险责任。

<thing>核爆炸、核辐射或核污染</thing>
<result>无冲突</result>

#### 9. 被保险人感染艾滋病病毒或患艾滋病
- **文件1**：未提及。
- **文件2**：因被保险人感染艾滋病病毒或患艾滋病导致被保险人发生保险事故的，本公司不承担保险责任。

<thing>被保险人感染艾滋病病毒或患艾滋病</thing>
<result>无冲突</result>

#### 10. 遗传性疾病，先天性畸形、变形或染色体异常
- **文件1**：未提及。
- **文件2**：因遗传性疾病，先天性畸形、变形或染色体异常导致被保险人发生保险事故的，本公司不承担保险责任。

<thing>遗传性疾病，先天性畸形、变形或染色体异常</thing>
<result>无冲突</result>

### 总结
根据上述分析，两份文件在“责任免除”部分的描述和表达不存在明显的相互冲突情况。
2025-06-22 13:05:37 - text_comparison.py:80 - 2|4 result=根据您的要求，我将对两份文件中的“责任免除”部分进行对比分析。

### 文件1
```
如果有任何未如实告知，本公司有权解除合同，对于合同解除前发生的保险事故，不承担赔偿或者给付保险金的责任。
```

### 文件2
```
（文件2为空，没有提供任何内容）
```

### 分析
1. **未如实告知**：
   - **文件1**：明确规定了如果投保人未如实告知，公司有权解除合同，并且在合同解除前发生的保险事故不承担赔偿或给付保险金的责任。
   - **文件2**：没有提及未如实告知的情况。

### 结论
- 对于“未如实告知”的情况，文件2没有明确说明，因此无法进行比较。
- 根据您的要求，如果其中一份文件未明确说明或省略说明，则表示没有冲突。

### 输出
<thing>未如实告知</thing>
<result>无冲突</result>
2025-06-22 13:05:58 - text_comparison.py:80 - 2|5 result=### 具体内容冲突分析

#### 1. 未如实告知
- **文件1**：如果有任何未如实告知，本公司有权解除合同，对于合同解除前发生的保险事故，不承担赔偿或者给付保险金的责任。
- **文件2**：未提及未如实告知的情况。

**分析**：文件2未明确说明未如实告知的情况，因此不进行比较，表示没有冲突。

#### 2. 投保人对被保险人的故意杀害、故意伤害
- **文件1**：未提及。
- **文件2**：因下列任一情形导致被保险人发生保险事故的，本公司不承担保险责任：
  - （1）投保人对被保险人的故意杀害、故意伤害；

**分析**：文件1未明确说明此情况，因此不进行比较，表示没有冲突。

#### 3. 被保险人故意犯罪或抗拒依法采取的刑事强制措施
- **文件1**：未提及。
- **文件2**：因下列任一情形导致被保险人发生保险事故的，本公司不承担保险责任：
  - （2）被保险人故意犯罪或抗拒依法采取的刑事强制措施；

**分析**：文件1未明确说明此情况，因此不进行比较，表示没有冲突。

#### 4. 被保险人故意自伤、或自主险合同成立或者主险合同效力恢复之日起2年内自杀
- **文件1**：未提及。
- **文件2**：因下列任一情形导致被保险人发生保险事故的，本公司不承担保险责任：
  - （3）被保险人故意自伤、或自主险合同成立或者主险合同效力恢复之日起2年内自杀，但被保险人自杀时为无民事行为能力人的除外；

**分析**：文件1未明确说明此情况，因此不进行比较，表示没有冲突。

#### 5. 被保险人服用、吸食或注射毒品
- **文件1**：未提及。
- **文件2**：因下列任一情形导致被保险人发生保险事故的，本公司不承担保险责任：
  - （4）被保险人服用、吸食或注射毒品；

**分析**：文件1未明确说明此情况，因此不进行比较，表示没有冲突。

#### 6. 被保险人酒后驾驶、无合法有效驾驶证驾驶，或驾驶无合法有效行驶证的机动车
- **文件1**：未提及。
- **文件2**：因下列任一情形导致被保险人发生保险事故的，本公司不承担保险责任：
  - （5）被保险人酒后驾驶、无合法有效驾驶证驾驶，或驾驶无合法有效行驶证的机动车；

**分析**：文件1未明确说明此情况，因此不进行比较，表示没有冲突。

#### 7. 战争、军事冲突、暴乱或武装叛乱
- **文件1**：未提及。
- **文件2**：因下列任一情形导致被保险人发生保险事故的，本公司不承担保险责任：
  - （6）战争、军事冲突、暴乱或武装叛乱；

**分析**：文件1未明确说明此情况，因此不进行比较，表示没有冲突。

#### 8. 核爆炸、核辐射或核污染
- **文件1**：未提及。
- **文件2**：因下列任一情形导致被保险人发生保险事故的，本公司不承担保险责任：
  - （7）核爆炸、核辐射或核污染；

**分析**：文件1未明确说明此情况，因此不进行比较，表示没有冲突。

#### 9. 被保险人感染艾滋病病毒或患艾滋病
- **文件1**：未提及。
- **文件2**：因下列任一情形导致被保险人发生保险事故的，本公司不承担保险责任：
  - （8）被保险人感染艾滋病病毒或患艾滋病；

**分析**：文件1未明确说明此情况，因此不进行比较，表示没有冲突。

#### 10. 遗传性疾病，先天性畸形、变形或染色体异常
- **文件1**：未提及。
- **文件2**：因下列任一情形导致被保险人发生保险事故的，本公司不承担保险责任：
  - （9）遗传性疾病，先天性畸形、变形或染色体异常。

**分析**：文件1未明确说明此情况，因此不进行比较，表示没有冲突。

### 最终结论
<result>无冲突</result>
2025-06-22 13:06:27 - text_comparison.py:80 - 2|6 result=### 分析结果

#### 1. 未如实告知
- **文件1**：如果有任何未如实告知，本公司有权解除合同，对于合同解除前发生的保险事故，不承担赔偿或者给付保险金的责任。
- **文件2**：未提及未如实告知的情况。

<thing>未如实告知</thing>
<result>无冲突</result>

#### 2. 投保人对被保险人的故意杀害、故意伤害
- **文件1**：未提及。
- **文件2**：因投保人对被保险人的故意杀害、故意伤害导致被保险人发生保险事故的，不承担责任。

<thing>投保人对被保险人的故意杀害、故意伤害</thing>
<result>无冲突</result>

#### 3. 被保险人故意犯罪或抗拒依法采取的刑事强制措施
- **文件1**：未提及。
- **文件2**：因被保险人故意犯罪或抗拒依法采取的刑事强制措施导致被保险人发生保险事故的，不承担责任。

<thing>被保险人故意犯罪或抗拒依法采取的刑事强制措施</thing>
<result>无冲突</result>

#### 4. 被保险人故意自伤、或自保险合同成立或者保险合同效力恢复之日起 2 年内自杀
- **文件1**：未提及。
- **文件2**：因被保险人故意自伤、或自保险合同成立或者保险合同效力恢复之日起 2 年内自杀（但被保险人自杀时为无民事行为能力人的除外）导致被保险人发生保险事故的，不承担责任。

<thing>被保险人故意自伤、或自保险合同成立或者保险合同效力恢复之日起 2 年内自杀</thing>
<result>无冲突</result>

#### 5. 被保险人服用、吸食或注射毒品
- **文件1**：未提及。
- **文件2**：因被保险人服用、吸食或注射毒品导致被保险人发生保险事故的，不承担责任。

<thing>被保险人服用、吸食或注射毒品</thing>
<result>无冲突</result>

#### 6. 被保险人酒后驾驶、无合法有效驾驶证驾驶，或驾驶无合法有效行驶证的机动车
- **文件1**：未提及。
- **文件2**：因被保险人酒后驾驶、无合法有效驾驶证驾驶，或驾驶无合法有效行驶证的机动车导致被保险人发生保险事故的，不承担责任。

<thing>被保险人酒后驾驶、无合法有效驾驶证驾驶，或驾驶无合法有效行驶证的机动车</thing>
<result>无冲突</result>

#### 7. 战争、军事冲突、暴乱或武装叛乱
- **文件1**：未提及。
- **文件2**：因战争、军事冲突、暴乱或武装叛乱导致被保险人发生保险事故的，不承担责任。

<thing>战争、军事冲突、暴乱或武装叛乱</thing>
<result>无冲突</result>

#### 8. 核爆炸、核辐射或核污染
- **文件1**：未提及。
- **文件2**：因核爆炸、核辐射或核污染导致被保险人发生保险事故的，不承担责任。

<thing>核爆炸、核辐射或核污染</thing>
<result>无冲突</result>

#### 9. 被保险人感染艾滋病病毒或患艾滋病
- **文件1**：未提及。
- **文件2**：因被保险人感染艾滋病病毒或患艾滋病导致被保险人发生保险事故的，不承担责任。

<thing>被保险人感染艾滋病病毒或患艾滋病</thing>
<result>无冲突</result>

#### 10. 遗传性疾病，先天性畸形、变形或染色体异常
- **文件1**：未提及。
- **文件2**：因遗传性疾病，先天性畸形、变形或染色体异常导致被保险人发生保险事故的，不承担责任。

<thing>遗传性疾病，先天性畸形、变形或染色体异常</thing>
<result>无冲突</result>

### 总结
根据上述分析，两份文件在“责任免除”部分的描述中没有明显的冲突。对于文件1未明确说明或省略说明的部分，文件2中的相关条款并未与其产生冲突。因此，两份文件在“责任免除”部分是协调一致的。
2025-06-22 13:06:30 - text_comparison.py:80 - 3|4 result=由于您提供的【文件2】内容为空，无法进行对比分析。为了完成您的请求，请提供【文件2】的具体内容。如果您能提供【文件2】的详细内容，我将能够进行详细的冲突分析并按要求输出结果。
2025-06-22 13:06:30 - text_comparison.py:87 - results: [True, True, True, True, True, True, True, True, True, True, True, True, True, True, True, False]
2025-06-22 13:06:30 - text_comparison.py:94 - ===============cnt=6 || material_id='m_00061a' || rule='责任免除' || end_result=False===============
2025-06-22 13:06:30 - text_comparison.py:100 - Done! 文件保存至:../DATA/验证集/sample2.csv
